[0.039s] Invoking command in '/home/rumbahuh/asr_ws/src/proyecto-final-arqui-rumbacorp/build/pfa_restaurante': CMAKE_PREFIX_PATH=${CMAKE_PREFIX_PATH}:/home/rumbahuh/asr_ws/install/yolo_ros:/home/rumbahuh/asr_ws/install/rclpy_cascade_lifecycle:/home/rumbahuh/asr_ws/install/llama_cli:/home/rumbahuh/asr_ws/install/br2_fsm_bumpgo_py:/opt/ros/jazzy DEBUGINFOD_URLS=https://debuginfod.ubuntu.com /usr/bin/cmake --build /home/rumbahuh/asr_ws/src/proyecto-final-arqui-rumbacorp/build/pfa_restaurante -- -j12 -l12
[0.119s] -- Found ament_cmake: 2.5.4 (/opt/ros/jazzy/share/ament_cmake/cmake)
[0.592s] -- Override CMake install command with custom implementation using symlinks instead of copying resources
[0.604s] -- Found rclcpp: 28.1.9 (/opt/ros/jazzy/share/rclcpp/cmake)
[0.662s] -- Found rosidl_generator_c: 4.6.5 (/opt/ros/jazzy/share/rosidl_generator_c/cmake)
[0.680s] -- Found rosidl_generator_cpp: 4.6.5 (/opt/ros/jazzy/share/rosidl_generator_cpp/cmake)
[0.709s] -- Using all available rosidl_typesupport_c: rosidl_typesupport_fastrtps_c;rosidl_typesupport_introspection_c
[0.742s] -- Using all available rosidl_typesupport_cpp: rosidl_typesupport_fastrtps_cpp;rosidl_typesupport_introspection_cpp
[0.859s] -- Found rmw_implementation_cmake: 7.3.2 (/opt/ros/jazzy/share/rmw_implementation_cmake/cmake)
[0.870s] -- Found rmw_fastrtps_cpp: 8.4.2 (/opt/ros/jazzy/share/rmw_fastrtps_cpp/cmake)
[1.010s] -- Using RMW implementation 'rmw_fastrtps_cpp' as default
[1.135s] -- Found rclcpp_cascade_lifecycle: 2.0.2 (/home/rumbahuh/asr_ws/install/rclcpp_cascade_lifecycle/share/rclcpp_cascade_lifecycle/cmake)
[1.231s] -- Found geometry_msgs: 5.3.6 (/opt/ros/jazzy/share/geometry_msgs/cmake)
[1.287s] -- Found tf2_ros: 0.36.10 (/opt/ros/jazzy/share/tf2_ros/cmake)
[1.489s] -- Found tf2_geometry_msgs: 0.36.10 (/opt/ros/jazzy/share/tf2_geometry_msgs/cmake)
[1.495s] -- Found eigen3_cmake_module: 0.3.0 (/opt/ros/jazzy/share/eigen3_cmake_module/cmake)
[1.497s] -- Ensuring Eigen3 include directory is part of orocos-kdl CMake target
[1.500s] -- Found vision_msgs: 4.1.1 (/opt/ros/jazzy/share/vision_msgs/cmake)
[1.533s] -- Found nav2_msgs: 1.3.6 (/opt/ros/jazzy/share/nav2_msgs/cmake)
[1.744s] -- Found whisper_ros: 3.2.1 (/home/rumbahuh/asr_ws/install/whisper_ros/share/whisper_ros/cmake)
[2.480s] -- Configuring done (2.4s)
[2.656s] -- Generating done (0.1s)
[2.678s] -- Build files have been written to: /home/rumbahuh/asr_ws/src/proyecto-final-arqui-rumbacorp/build/pfa_restaurante
[2.805s] [ 10%] [32mBuilding CXX object CMakeFiles/checktable_pfa_node.dir/src/controlper/CheckTable.cpp.o[0m
[2.816s] [ 20%] [32mBuilding CXX object CMakeFiles/countpeople_pfa_node.dir/src/controlper/CountPeople.cpp.o[0m
[2.819s] [ 40%] [32mBuilding CXX object CMakeFiles/control_main.dir/src/control_main.cpp.o[0m
[2.820s] [ 40%] [32mBuilding CXX object CMakeFiles/gotodoor_pfa_node.dir/src/controlper/GoToDoor.cpp.o[0m
[2.820s] [ 50%] [32mBuilding CXX object CMakeFiles/gototable_pfa_node.dir/src/controlper/GoToTable.cpp.o[0m
[5.221s] [ 60%] [32m[1mLinking CXX shared library libchecktable_pfa_node.so[0m
[5.504s] [ 60%] Built target checktable_pfa_node
[8.268s] [ 70%] [32m[1mLinking CXX shared library libcountpeople_pfa_node.so[0m
[8.314s] [ 80%] [32m[1mLinking CXX executable control_main[0m
[8.547s] [ 80%] Built target countpeople_pfa_node
[8.703s] [ 80%] Built target control_main
[10.143s] [ 90%] [32m[1mLinking CXX shared library libgotodoor_pfa_node.so[0m
[10.230s] [100%] [32m[1mLinking CXX shared library libgototable_pfa_node.so[0m
[10.378s] [100%] Built target gotodoor_pfa_node
[10.453s] [100%] Built target gototable_pfa_node
[10.471s] Invoked command in '/home/rumbahuh/asr_ws/src/proyecto-final-arqui-rumbacorp/build/pfa_restaurante' returned '0': CMAKE_PREFIX_PATH=${CMAKE_PREFIX_PATH}:/home/rumbahuh/asr_ws/install/yolo_ros:/home/rumbahuh/asr_ws/install/rclpy_cascade_lifecycle:/home/rumbahuh/asr_ws/install/llama_cli:/home/rumbahuh/asr_ws/install/br2_fsm_bumpgo_py:/opt/ros/jazzy DEBUGINFOD_URLS=https://debuginfod.ubuntu.com /usr/bin/cmake --build /home/rumbahuh/asr_ws/src/proyecto-final-arqui-rumbacorp/build/pfa_restaurante -- -j12 -l12
[10.487s] Invoking command in '/home/rumbahuh/asr_ws/src/proyecto-final-arqui-rumbacorp/build/pfa_restaurante': CMAKE_PREFIX_PATH=${CMAKE_PREFIX_PATH}:/home/rumbahuh/asr_ws/install/yolo_ros:/home/rumbahuh/asr_ws/install/rclpy_cascade_lifecycle:/home/rumbahuh/asr_ws/install/llama_cli:/home/rumbahuh/asr_ws/install/br2_fsm_bumpgo_py:/opt/ros/jazzy DEBUGINFOD_URLS=https://debuginfod.ubuntu.com /usr/bin/cmake --install /home/rumbahuh/asr_ws/src/proyecto-final-arqui-rumbacorp/build/pfa_restaurante
[10.501s] -- Install configuration: ""
[10.501s] -- Execute custom install script
[10.501s] -- Up-to-date symlink: /home/rumbahuh/asr_ws/src/proyecto-final-arqui-rumbacorp/install/pfa_restaurante/lib/libgotodoor_pfa_node.so
[10.501s] -- Up-to-date symlink: /home/rumbahuh/asr_ws/src/proyecto-final-arqui-rumbacorp/install/pfa_restaurante/lib/libcountpeople_pfa_node.so
[10.502s] -- Up-to-date symlink: /home/rumbahuh/asr_ws/src/proyecto-final-arqui-rumbacorp/install/pfa_restaurante/lib/libchecktable_pfa_node.so
[10.502s] -- Up-to-date symlink: /home/rumbahuh/asr_ws/src/proyecto-final-arqui-rumbacorp/install/pfa_restaurante/lib/libgototable_pfa_node.so
[10.502s] -- Up-to-date symlink: /home/rumbahuh/asr_ws/src/proyecto-final-arqui-rumbacorp/install/pfa_restaurante/lib/pfa_restaurante/control_main
[10.502s] -- Up-to-date symlink: /home/rumbahuh/asr_ws/src/proyecto-final-arqui-rumbacorp/install/pfa_restaurante/share/pfa_restaurante/behavior_tree_xml/restaurante.xml
[10.503s] -- Up-to-date symlink: /home/rumbahuh/asr_ws/src/proyecto-final-arqui-rumbacorp/install/pfa_restaurante/share/pfa_restaurante/launch/astra_extion
[10.503s] -- Up-to-date symlink: /home/rumbahuh/asr_ws/src/proyecto-final-arqui-rumbacorp/install/pfa_restaurante/share/pfa_restaurante/launch/follow_person.launch.py
[10.503s] -- Up-to-date symlink: /home/rumbahuh/asr_ws/src/proyecto-final-arqui-rumbacorp/install/pfa_restaurante/share/ament_index/resource_index/package_run_dependencies/pfa_restaurante
[10.503s] -- Up-to-date symlink: /home/rumbahuh/asr_ws/src/proyecto-final-arqui-rumbacorp/install/pfa_restaurante/share/ament_index/resource_index/parent_prefix_path/pfa_restaurante
[10.504s] -- Up-to-date symlink: /home/rumbahuh/asr_ws/src/proyecto-final-arqui-rumbacorp/install/pfa_restaurante/share/pfa_restaurante/environment/ament_prefix_path.sh
[10.504s] -- Up-to-date symlink: /home/rumbahuh/asr_ws/src/proyecto-final-arqui-rumbacorp/install/pfa_restaurante/share/pfa_restaurante/environment/ament_prefix_path.dsv
[10.504s] -- Up-to-date symlink: /home/rumbahuh/asr_ws/src/proyecto-final-arqui-rumbacorp/install/pfa_restaurante/share/pfa_restaurante/environment/path.sh
[10.504s] -- Up-to-date symlink: /home/rumbahuh/asr_ws/src/proyecto-final-arqui-rumbacorp/install/pfa_restaurante/share/pfa_restaurante/environment/path.dsv
[10.504s] -- Up-to-date symlink: /home/rumbahuh/asr_ws/src/proyecto-final-arqui-rumbacorp/install/pfa_restaurante/share/pfa_restaurante/local_setup.bash
[10.505s] -- Up-to-date symlink: /home/rumbahuh/asr_ws/src/proyecto-final-arqui-rumbacorp/install/pfa_restaurante/share/pfa_restaurante/local_setup.sh
[10.505s] -- Up-to-date symlink: /home/rumbahuh/asr_ws/src/proyecto-final-arqui-rumbacorp/install/pfa_restaurante/share/pfa_restaurante/local_setup.zsh
[10.505s] -- Up-to-date symlink: /home/rumbahuh/asr_ws/src/proyecto-final-arqui-rumbacorp/install/pfa_restaurante/share/pfa_restaurante/local_setup.dsv
[10.505s] -- Symlinking: /home/rumbahuh/asr_ws/src/proyecto-final-arqui-rumbacorp/install/pfa_restaurante/share/pfa_restaurante/package.dsv
[10.520s] -- Up-to-date symlink: /home/rumbahuh/asr_ws/src/proyecto-final-arqui-rumbacorp/install/pfa_restaurante/share/ament_index/resource_index/packages/pfa_restaurante
[10.520s] -- Up-to-date symlink: /home/rumbahuh/asr_ws/src/proyecto-final-arqui-rumbacorp/install/pfa_restaurante/share/pfa_restaurante/cmake/ament_cmake_export_include_directories-extras.cmake
[10.520s] -- Up-to-date symlink: /home/rumbahuh/asr_ws/src/proyecto-final-arqui-rumbacorp/install/pfa_restaurante/share/pfa_restaurante/cmake/ament_cmake_export_dependencies-extras.cmake
[10.521s] -- Up-to-date symlink: /home/rumbahuh/asr_ws/src/proyecto-final-arqui-rumbacorp/install/pfa_restaurante/share/pfa_restaurante/cmake/pfa_restauranteConfig.cmake
[10.521s] -- Up-to-date symlink: /home/rumbahuh/asr_ws/src/proyecto-final-arqui-rumbacorp/install/pfa_restaurante/share/pfa_restaurante/cmake/pfa_restauranteConfig-version.cmake
[10.521s] -- Up-to-date symlink: /home/rumbahuh/asr_ws/src/proyecto-final-arqui-rumbacorp/install/pfa_restaurante/share/pfa_restaurante/package.xml
[10.523s] Invoked command in '/home/rumbahuh/asr_ws/src/proyecto-final-arqui-rumbacorp/build/pfa_restaurante' returned '0': CMAKE_PREFIX_PATH=${CMAKE_PREFIX_PATH}:/home/rumbahuh/asr_ws/install/yolo_ros:/home/rumbahuh/asr_ws/install/rclpy_cascade_lifecycle:/home/rumbahuh/asr_ws/install/llama_cli:/home/rumbahuh/asr_ws/install/br2_fsm_bumpgo_py:/opt/ros/jazzy DEBUGINFOD_URLS=https://debuginfod.ubuntu.com /usr/bin/cmake --install /home/rumbahuh/asr_ws/src/proyecto-final-arqui-rumbacorp/build/pfa_restaurante
