[0.290s] DEBUG:colcon:Command line arguments: ['/usr/bin/colcon', 'build', '--symlink-install', '--packages-select', 'pfa_restaurante']
[0.291s] DEBUG:colcon:Parsed command line arguments: Namespace(log_base=None, log_level=None, verb_name='build', build_base='build', install_base='install', merge_install=False, symlink_install=True, test_result_base=None, continue_on_error=False, executor='parallel', parallel_workers=12, event_handlers=None, ignore_user_meta=False, metas=['./colcon.meta'], base_paths=['.'], packages_ignore=None, packages_ignore_regex=None, paths=None, packages_up_to=None, packages_up_to_regex=None, packages_above=None, packages_above_and_dependencies=None, packages_above_depth=None, packages_select_by_dep=None, packages_skip_by_dep=None, packages_skip_up_to=None, packages_select_build_failed=False, packages_skip_build_finished=False, packages_select_test_failures=False, packages_skip_test_passed=False, packages_select=['pfa_restaurante'], packages_skip=None, packages_select_regex=None, packages_skip_regex=None, packages_start=None, packages_end=None, allow_overriding=[], cmake_args=None, cmake_target=None, cmake_target_skip_unavailable=False, cmake_clean_cache=False, cmake_clean_first=False, cmake_force_configure=False, ament_cmake_args=None, catkin_cmake_args=None, catkin_skip_building_tests=False, mixin_files=None, mixin=None, verb_parser=<colcon_mixin.mixin.mixin_argument.MixinArgumentDecorator object at 0x7bdd452191f0>, verb_extension=<colcon_core.verb.build.BuildVerb object at 0x7bdd45310290>, main=<bound method BuildVerb.main of <colcon_core.verb.build.BuildVerb object at 0x7bdd45310290>>, mixin_verb=('build',))
[0.362s] Level 1:colcon.colcon_core.package_discovery:discover_packages(colcon_meta) check parameters
[0.362s] Level 1:colcon.colcon_core.package_discovery:discover_packages(recursive) check parameters
[0.362s] Level 1:colcon.colcon_core.package_discovery:discover_packages(ignore) check parameters
[0.363s] Level 1:colcon.colcon_core.package_discovery:discover_packages(path) check parameters
[0.363s] Level 1:colcon.colcon_core.package_discovery:discover_packages(colcon_meta) discover
[0.363s] Level 1:colcon.colcon_core.package_discovery:discover_packages(recursive) discover
[0.363s] INFO:colcon.colcon_core.package_discovery:Crawling recursively for packages in '/home/rumbahuh/asr_ws/src/proyecto-final-arqui-rumbacorp'
[0.363s] Level 1:colcon.colcon_core.package_identification:_identify(.) by extensions ['ignore', 'ignore_ament_install']
[0.363s] Level 1:colcon.colcon_core.package_identification:_identify(.) by extension 'ignore'
[0.363s] Level 1:colcon.colcon_core.package_identification:_identify(.) by extension 'ignore_ament_install'
[0.363s] Level 1:colcon.colcon_core.package_identification:_identify(.) by extensions ['colcon_pkg']
[0.363s] Level 1:colcon.colcon_core.package_identification:_identify(.) by extension 'colcon_pkg'
[0.363s] Level 1:colcon.colcon_core.package_identification:_identify(.) by extensions ['colcon_meta']
[0.363s] Level 1:colcon.colcon_core.package_identification:_identify(.) by extension 'colcon_meta'
[0.363s] Level 1:colcon.colcon_core.package_identification:_identify(.) by extensions ['ros']
[0.363s] Level 1:colcon.colcon_core.package_identification:_identify(.) by extension 'ros'
[0.404s] Level 1:colcon.colcon_core.package_identification:_identify(.) by extensions ['cmake', 'python']
[0.404s] Level 1:colcon.colcon_core.package_identification:_identify(.) by extension 'cmake'
[0.404s] Level 1:colcon.colcon_core.package_identification:_identify(.) by extension 'python'
[0.404s] Level 1:colcon.colcon_core.package_identification:_identify(.) by extensions ['python_setup_py']
[0.404s] Level 1:colcon.colcon_core.package_identification:_identify(.) by extension 'python_setup_py'
[0.404s] Level 1:colcon.colcon_core.package_identification:_identify(APUNTES-TRY) by extensions ['ignore', 'ignore_ament_install']
[0.405s] Level 1:colcon.colcon_core.package_identification:_identify(APUNTES-TRY) by extension 'ignore'
[0.405s] Level 1:colcon.colcon_core.package_identification:_identify(APUNTES-TRY) by extension 'ignore_ament_install'
[0.405s] Level 1:colcon.colcon_core.package_identification:_identify(APUNTES-TRY) by extensions ['colcon_pkg']
[0.405s] Level 1:colcon.colcon_core.package_identification:_identify(APUNTES-TRY) by extension 'colcon_pkg'
[0.405s] Level 1:colcon.colcon_core.package_identification:_identify(APUNTES-TRY) by extensions ['colcon_meta']
[0.405s] Level 1:colcon.colcon_core.package_identification:_identify(APUNTES-TRY) by extension 'colcon_meta'
[0.405s] Level 1:colcon.colcon_core.package_identification:_identify(APUNTES-TRY) by extensions ['ros']
[0.405s] Level 1:colcon.colcon_core.package_identification:_identify(APUNTES-TRY) by extension 'ros'
[0.405s] Level 1:colcon.colcon_core.package_identification:_identify(APUNTES-TRY) by extensions ['cmake', 'python']
[0.405s] Level 1:colcon.colcon_core.package_identification:_identify(APUNTES-TRY) by extension 'cmake'
[0.405s] Level 1:colcon.colcon_core.package_identification:_identify(APUNTES-TRY) by extension 'python'
[0.405s] Level 1:colcon.colcon_core.package_identification:_identify(APUNTES-TRY) by extensions ['python_setup_py']
[0.405s] Level 1:colcon.colcon_core.package_identification:_identify(APUNTES-TRY) by extension 'python_setup_py'
[0.406s] Level 1:colcon.colcon_core.package_identification:_identify(APUNTES-TRY/programa6) by extensions ['ignore', 'ignore_ament_install']
[0.406s] Level 1:colcon.colcon_core.package_identification:_identify(APUNTES-TRY/programa6) by extension 'ignore'
[0.406s] Level 1:colcon.colcon_core.package_identification:_identify(APUNTES-TRY/programa6) by extension 'ignore_ament_install'
[0.406s] Level 1:colcon.colcon_core.package_identification:_identify(APUNTES-TRY/programa6) by extensions ['colcon_pkg']
[0.406s] Level 1:colcon.colcon_core.package_identification:_identify(APUNTES-TRY/programa6) by extension 'colcon_pkg'
[0.406s] Level 1:colcon.colcon_core.package_identification:_identify(APUNTES-TRY/programa6) by extensions ['colcon_meta']
[0.406s] Level 1:colcon.colcon_core.package_identification:_identify(APUNTES-TRY/programa6) by extension 'colcon_meta'
[0.406s] Level 1:colcon.colcon_core.package_identification:_identify(APUNTES-TRY/programa6) by extensions ['ros']
[0.406s] Level 1:colcon.colcon_core.package_identification:_identify(APUNTES-TRY/programa6) by extension 'ros'
[0.411s] DEBUG:colcon.colcon_core.package_identification:Package 'APUNTES-TRY/programa6' with type 'ros.ament_cmake' and name 'programa6'
[0.411s] Level 1:colcon.colcon_core.package_identification:_identify(build) by extensions ['ignore', 'ignore_ament_install']
[0.411s] Level 1:colcon.colcon_core.package_identification:_identify(build) by extension 'ignore'
[0.411s] Level 1:colcon.colcon_core.package_identification:_identify(build) ignored
[0.412s] Level 1:colcon.colcon_core.package_identification:_identify(install) by extensions ['ignore', 'ignore_ament_install']
[0.412s] Level 1:colcon.colcon_core.package_identification:_identify(install) by extension 'ignore'
[0.412s] Level 1:colcon.colcon_core.package_identification:_identify(install) ignored
[0.412s] Level 1:colcon.colcon_core.package_identification:_identify(log) by extensions ['ignore', 'ignore_ament_install']
[0.412s] Level 1:colcon.colcon_core.package_identification:_identify(log) by extension 'ignore'
[0.412s] Level 1:colcon.colcon_core.package_identification:_identify(log) ignored
[0.412s] Level 1:colcon.colcon_core.package_identification:_identify(pfa_restaurante) by extensions ['ignore', 'ignore_ament_install']
[0.412s] Level 1:colcon.colcon_core.package_identification:_identify(pfa_restaurante) by extension 'ignore'
[0.413s] Level 1:colcon.colcon_core.package_identification:_identify(pfa_restaurante) by extension 'ignore_ament_install'
[0.413s] Level 1:colcon.colcon_core.package_identification:_identify(pfa_restaurante) by extensions ['colcon_pkg']
[0.413s] Level 1:colcon.colcon_core.package_identification:_identify(pfa_restaurante) by extension 'colcon_pkg'
[0.413s] Level 1:colcon.colcon_core.package_identification:_identify(pfa_restaurante) by extensions ['colcon_meta']
[0.413s] Level 1:colcon.colcon_core.package_identification:_identify(pfa_restaurante) by extension 'colcon_meta'
[0.413s] Level 1:colcon.colcon_core.package_identification:_identify(pfa_restaurante) by extensions ['ros']
[0.413s] Level 1:colcon.colcon_core.package_identification:_identify(pfa_restaurante) by extension 'ros'
[0.415s] DEBUG:colcon.colcon_core.package_identification:Package 'pfa_restaurante' with type 'ros.ament_cmake' and name 'pfa_restaurante'
[0.415s] Level 1:colcon.colcon_core.package_discovery:discover_packages(recursive) using defaults
[0.415s] Level 1:colcon.colcon_core.package_discovery:discover_packages(ignore) discover
[0.415s] Level 1:colcon.colcon_core.package_discovery:discover_packages(ignore) using defaults
[0.415s] Level 1:colcon.colcon_core.package_discovery:discover_packages(path) discover
[0.415s] Level 1:colcon.colcon_core.package_discovery:discover_packages(path) using defaults
[0.446s] INFO:colcon.colcon_core.package_selection:Skipping not selected package 'programa6' in 'APUNTES-TRY/programa6'
[0.447s] Level 1:colcon.colcon_core.package_discovery:discover_packages(prefix_path) check parameters
[0.447s] Level 1:colcon.colcon_core.package_discovery:discover_packages(prefix_path) discover
[0.463s] DEBUG:colcon.colcon_installed_package_information.package_discovery:Found 111 installed packages in /home/rumbahuh/asr_ws/install
[0.467s] DEBUG:colcon.colcon_installed_package_information.package_discovery:Found 395 installed packages in /opt/ros/jazzy
[0.469s] Level 1:colcon.colcon_core.package_discovery:discover_packages(prefix_path) using defaults
[0.569s] Level 5:colcon.colcon_core.verb:set package 'pfa_restaurante' build argument 'cmake_args' from command line to 'None'
[0.569s] Level 5:colcon.colcon_core.verb:set package 'pfa_restaurante' build argument 'cmake_target' from command line to 'None'
[0.569s] Level 5:colcon.colcon_core.verb:set package 'pfa_restaurante' build argument 'cmake_target_skip_unavailable' from command line to 'False'
[0.569s] Level 5:colcon.colcon_core.verb:set package 'pfa_restaurante' build argument 'cmake_clean_cache' from command line to 'False'
[0.569s] Level 5:colcon.colcon_core.verb:set package 'pfa_restaurante' build argument 'cmake_clean_first' from command line to 'False'
[0.569s] Level 5:colcon.colcon_core.verb:set package 'pfa_restaurante' build argument 'cmake_force_configure' from command line to 'False'
[0.569s] Level 5:colcon.colcon_core.verb:set package 'pfa_restaurante' build argument 'ament_cmake_args' from command line to 'None'
[0.569s] Level 5:colcon.colcon_core.verb:set package 'pfa_restaurante' build argument 'catkin_cmake_args' from command line to 'None'
[0.570s] Level 5:colcon.colcon_core.verb:set package 'pfa_restaurante' build argument 'catkin_skip_building_tests' from command line to 'False'
[0.570s] DEBUG:colcon.colcon_core.verb:Building package 'pfa_restaurante' with the following arguments: {'ament_cmake_args': None, 'build_base': '/home/rumbahuh/asr_ws/src/proyecto-final-arqui-rumbacorp/build/pfa_restaurante', 'catkin_cmake_args': None, 'catkin_skip_building_tests': False, 'cmake_args': None, 'cmake_clean_cache': False, 'cmake_clean_first': False, 'cmake_force_configure': False, 'cmake_target': None, 'cmake_target_skip_unavailable': False, 'install_base': '/home/rumbahuh/asr_ws/src/proyecto-final-arqui-rumbacorp/install/pfa_restaurante', 'merge_install': False, 'path': '/home/rumbahuh/asr_ws/src/proyecto-final-arqui-rumbacorp/pfa_restaurante', 'symlink_install': True, 'test_result_base': None}
[0.570s] INFO:colcon.colcon_core.executor:Executing jobs using 'parallel' executor
[0.571s] DEBUG:colcon.colcon_parallel_executor.executor.parallel:run_until_complete
[0.572s] INFO:colcon.colcon_ros.task.ament_cmake.build:Building ROS package in '/home/rumbahuh/asr_ws/src/proyecto-final-arqui-rumbacorp/pfa_restaurante' with build type 'ament_cmake'
[0.572s] INFO:colcon.colcon_cmake.task.cmake.build:Building CMake package in '/home/rumbahuh/asr_ws/src/proyecto-final-arqui-rumbacorp/pfa_restaurante'
[0.578s] INFO:colcon.colcon_core.plugin_system:Skipping extension 'colcon_core.shell.bat': Not used on non-Windows systems
[0.578s] INFO:colcon.colcon_core.shell:Skip shell extension 'powershell' for command environment: Not usable outside of PowerShell
[0.579s] DEBUG:colcon.colcon_core.shell:Skip shell extension 'dsv' for command environment
[0.612s] DEBUG:colcon.colcon_core.event_handler.log_command:Invoking command in '/home/rumbahuh/asr_ws/src/proyecto-final-arqui-rumbacorp/build/pfa_restaurante': CMAKE_PREFIX_PATH=${CMAKE_PREFIX_PATH}:/home/rumbahuh/asr_ws/install/yolo_ros:/home/rumbahuh/asr_ws/install/rclpy_cascade_lifecycle:/home/rumbahuh/asr_ws/install/llama_cli:/home/rumbahuh/asr_ws/install/br2_fsm_bumpgo_py:/opt/ros/jazzy DEBUGINFOD_URLS=https://debuginfod.ubuntu.com /usr/bin/cmake --build /home/rumbahuh/asr_ws/src/proyecto-final-arqui-rumbacorp/build/pfa_restaurante -- -j12 -l12
[11.044s] DEBUG:colcon.colcon_core.event_handler.log_command:Invoked command in '/home/rumbahuh/asr_ws/src/proyecto-final-arqui-rumbacorp/build/pfa_restaurante' returned '0': CMAKE_PREFIX_PATH=${CMAKE_PREFIX_PATH}:/home/rumbahuh/asr_ws/install/yolo_ros:/home/rumbahuh/asr_ws/install/rclpy_cascade_lifecycle:/home/rumbahuh/asr_ws/install/llama_cli:/home/rumbahuh/asr_ws/install/br2_fsm_bumpgo_py:/opt/ros/jazzy DEBUGINFOD_URLS=https://debuginfod.ubuntu.com /usr/bin/cmake --build /home/rumbahuh/asr_ws/src/proyecto-final-arqui-rumbacorp/build/pfa_restaurante -- -j12 -l12
[11.060s] DEBUG:colcon.colcon_core.event_handler.log_command:Invoking command in '/home/rumbahuh/asr_ws/src/proyecto-final-arqui-rumbacorp/build/pfa_restaurante': CMAKE_PREFIX_PATH=${CMAKE_PREFIX_PATH}:/home/rumbahuh/asr_ws/install/yolo_ros:/home/rumbahuh/asr_ws/install/rclpy_cascade_lifecycle:/home/rumbahuh/asr_ws/install/llama_cli:/home/rumbahuh/asr_ws/install/br2_fsm_bumpgo_py:/opt/ros/jazzy DEBUGINFOD_URLS=https://debuginfod.ubuntu.com /usr/bin/cmake --install /home/rumbahuh/asr_ws/src/proyecto-final-arqui-rumbacorp/build/pfa_restaurante
[11.095s] Level 1:colcon.colcon_core.environment:create_environment_scripts_only(pfa_restaurante)
[11.096s] DEBUG:colcon.colcon_core.event_handler.log_command:Invoked command in '/home/rumbahuh/asr_ws/src/proyecto-final-arqui-rumbacorp/build/pfa_restaurante' returned '0': CMAKE_PREFIX_PATH=${CMAKE_PREFIX_PATH}:/home/rumbahuh/asr_ws/install/yolo_ros:/home/rumbahuh/asr_ws/install/rclpy_cascade_lifecycle:/home/rumbahuh/asr_ws/install/llama_cli:/home/rumbahuh/asr_ws/install/br2_fsm_bumpgo_py:/opt/ros/jazzy DEBUGINFOD_URLS=https://debuginfod.ubuntu.com /usr/bin/cmake --install /home/rumbahuh/asr_ws/src/proyecto-final-arqui-rumbacorp/build/pfa_restaurante
[11.099s] Level 1:colcon.colcon_core.environment:checking '/home/rumbahuh/asr_ws/src/proyecto-final-arqui-rumbacorp/install/pfa_restaurante' for CMake module files
[11.099s] Level 1:colcon.colcon_core.environment:checking '/home/rumbahuh/asr_ws/src/proyecto-final-arqui-rumbacorp/install/pfa_restaurante' for CMake config files
[11.100s] Level 1:colcon.colcon_core.shell:create_environment_hook('pfa_restaurante', 'cmake_prefix_path')
[11.100s] INFO:colcon.colcon_core.shell:Creating environment hook '/home/rumbahuh/asr_ws/src/proyecto-final-arqui-rumbacorp/install/pfa_restaurante/share/pfa_restaurante/hook/cmake_prefix_path.ps1'
[11.100s] INFO:colcon.colcon_core.shell:Creating environment descriptor '/home/rumbahuh/asr_ws/src/proyecto-final-arqui-rumbacorp/install/pfa_restaurante/share/pfa_restaurante/hook/cmake_prefix_path.dsv'
[11.101s] INFO:colcon.colcon_core.shell:Creating environment hook '/home/rumbahuh/asr_ws/src/proyecto-final-arqui-rumbacorp/install/pfa_restaurante/share/pfa_restaurante/hook/cmake_prefix_path.sh'
[11.101s] Level 1:colcon.colcon_core.environment:checking '/home/rumbahuh/asr_ws/src/proyecto-final-arqui-rumbacorp/install/pfa_restaurante/lib'
[11.102s] Level 1:colcon.colcon_core.shell:create_environment_hook('pfa_restaurante', 'ld_library_path_lib')
[11.102s] INFO:colcon.colcon_core.shell:Creating environment hook '/home/rumbahuh/asr_ws/src/proyecto-final-arqui-rumbacorp/install/pfa_restaurante/share/pfa_restaurante/hook/ld_library_path_lib.ps1'
[11.102s] INFO:colcon.colcon_core.shell:Creating environment descriptor '/home/rumbahuh/asr_ws/src/proyecto-final-arqui-rumbacorp/install/pfa_restaurante/share/pfa_restaurante/hook/ld_library_path_lib.dsv'
[11.102s] INFO:colcon.colcon_core.shell:Creating environment hook '/home/rumbahuh/asr_ws/src/proyecto-final-arqui-rumbacorp/install/pfa_restaurante/share/pfa_restaurante/hook/ld_library_path_lib.sh'
[11.103s] Level 1:colcon.colcon_core.environment:checking '/home/rumbahuh/asr_ws/src/proyecto-final-arqui-rumbacorp/install/pfa_restaurante/bin'
[11.103s] Level 1:colcon.colcon_core.environment:checking '/home/rumbahuh/asr_ws/src/proyecto-final-arqui-rumbacorp/install/pfa_restaurante/lib/pkgconfig/pfa_restaurante.pc'
[11.103s] Level 1:colcon.colcon_core.environment:checking '/home/rumbahuh/asr_ws/src/proyecto-final-arqui-rumbacorp/install/pfa_restaurante/lib/python3.12/site-packages'
[11.103s] Level 1:colcon.colcon_core.environment:checking '/home/rumbahuh/asr_ws/src/proyecto-final-arqui-rumbacorp/install/pfa_restaurante/bin'
[11.103s] INFO:colcon.colcon_core.shell:Creating package script '/home/rumbahuh/asr_ws/src/proyecto-final-arqui-rumbacorp/install/pfa_restaurante/share/pfa_restaurante/package.ps1'
[11.104s] INFO:colcon.colcon_core.shell:Creating package descriptor '/home/rumbahuh/asr_ws/src/proyecto-final-arqui-rumbacorp/install/pfa_restaurante/share/pfa_restaurante/package.dsv'
[11.104s] INFO:colcon.colcon_core.shell:Creating package script '/home/rumbahuh/asr_ws/src/proyecto-final-arqui-rumbacorp/install/pfa_restaurante/share/pfa_restaurante/package.sh'
[11.105s] INFO:colcon.colcon_core.shell:Creating package script '/home/rumbahuh/asr_ws/src/proyecto-final-arqui-rumbacorp/install/pfa_restaurante/share/pfa_restaurante/package.bash'
[11.105s] INFO:colcon.colcon_core.shell:Creating package script '/home/rumbahuh/asr_ws/src/proyecto-final-arqui-rumbacorp/install/pfa_restaurante/share/pfa_restaurante/package.zsh'
[11.105s] Level 1:colcon.colcon_core.environment:create_file_with_runtime_dependencies(/home/rumbahuh/asr_ws/src/proyecto-final-arqui-rumbacorp/install/pfa_restaurante/share/colcon-core/packages/pfa_restaurante)
[11.106s] Level 1:colcon.colcon_core.environment:create_environment_scripts_only(pfa_restaurante)
[11.106s] Level 1:colcon.colcon_core.environment:checking '/home/rumbahuh/asr_ws/src/proyecto-final-arqui-rumbacorp/install/pfa_restaurante' for CMake module files
[11.107s] Level 1:colcon.colcon_core.environment:checking '/home/rumbahuh/asr_ws/src/proyecto-final-arqui-rumbacorp/install/pfa_restaurante' for CMake config files
[11.107s] Level 1:colcon.colcon_core.shell:create_environment_hook('pfa_restaurante', 'cmake_prefix_path')
[11.107s] INFO:colcon.colcon_core.shell:Creating environment hook '/home/rumbahuh/asr_ws/src/proyecto-final-arqui-rumbacorp/install/pfa_restaurante/share/pfa_restaurante/hook/cmake_prefix_path.ps1'
[11.107s] INFO:colcon.colcon_core.shell:Creating environment descriptor '/home/rumbahuh/asr_ws/src/proyecto-final-arqui-rumbacorp/install/pfa_restaurante/share/pfa_restaurante/hook/cmake_prefix_path.dsv'
[11.108s] INFO:colcon.colcon_core.shell:Creating environment hook '/home/rumbahuh/asr_ws/src/proyecto-final-arqui-rumbacorp/install/pfa_restaurante/share/pfa_restaurante/hook/cmake_prefix_path.sh'
[11.108s] Level 1:colcon.colcon_core.environment:checking '/home/rumbahuh/asr_ws/src/proyecto-final-arqui-rumbacorp/install/pfa_restaurante/lib'
[11.108s] Level 1:colcon.colcon_core.shell:create_environment_hook('pfa_restaurante', 'ld_library_path_lib')
[11.108s] INFO:colcon.colcon_core.shell:Creating environment hook '/home/rumbahuh/asr_ws/src/proyecto-final-arqui-rumbacorp/install/pfa_restaurante/share/pfa_restaurante/hook/ld_library_path_lib.ps1'
[11.109s] INFO:colcon.colcon_core.shell:Creating environment descriptor '/home/rumbahuh/asr_ws/src/proyecto-final-arqui-rumbacorp/install/pfa_restaurante/share/pfa_restaurante/hook/ld_library_path_lib.dsv'
[11.109s] INFO:colcon.colcon_core.shell:Creating environment hook '/home/rumbahuh/asr_ws/src/proyecto-final-arqui-rumbacorp/install/pfa_restaurante/share/pfa_restaurante/hook/ld_library_path_lib.sh'
[11.109s] Level 1:colcon.colcon_core.environment:checking '/home/rumbahuh/asr_ws/src/proyecto-final-arqui-rumbacorp/install/pfa_restaurante/bin'
[11.109s] Level 1:colcon.colcon_core.environment:checking '/home/rumbahuh/asr_ws/src/proyecto-final-arqui-rumbacorp/install/pfa_restaurante/lib/pkgconfig/pfa_restaurante.pc'
[11.109s] Level 1:colcon.colcon_core.environment:checking '/home/rumbahuh/asr_ws/src/proyecto-final-arqui-rumbacorp/install/pfa_restaurante/lib/python3.12/site-packages'
[11.110s] Level 1:colcon.colcon_core.environment:checking '/home/rumbahuh/asr_ws/src/proyecto-final-arqui-rumbacorp/install/pfa_restaurante/bin'
[11.110s] INFO:colcon.colcon_core.shell:Creating package script '/home/rumbahuh/asr_ws/src/proyecto-final-arqui-rumbacorp/install/pfa_restaurante/share/pfa_restaurante/package.ps1'
[11.110s] INFO:colcon.colcon_core.shell:Creating package descriptor '/home/rumbahuh/asr_ws/src/proyecto-final-arqui-rumbacorp/install/pfa_restaurante/share/pfa_restaurante/package.dsv'
[11.111s] INFO:colcon.colcon_core.shell:Creating package script '/home/rumbahuh/asr_ws/src/proyecto-final-arqui-rumbacorp/install/pfa_restaurante/share/pfa_restaurante/package.sh'
[11.111s] INFO:colcon.colcon_core.shell:Creating package script '/home/rumbahuh/asr_ws/src/proyecto-final-arqui-rumbacorp/install/pfa_restaurante/share/pfa_restaurante/package.bash'
[11.111s] INFO:colcon.colcon_core.shell:Creating package script '/home/rumbahuh/asr_ws/src/proyecto-final-arqui-rumbacorp/install/pfa_restaurante/share/pfa_restaurante/package.zsh'
[11.112s] Level 1:colcon.colcon_core.environment:create_file_with_runtime_dependencies(/home/rumbahuh/asr_ws/src/proyecto-final-arqui-rumbacorp/install/pfa_restaurante/share/colcon-core/packages/pfa_restaurante)
[11.112s] DEBUG:colcon.colcon_parallel_executor.executor.parallel:closing loop
[11.112s] DEBUG:colcon.colcon_parallel_executor.executor.parallel:loop closed
[11.112s] DEBUG:colcon.colcon_parallel_executor.executor.parallel:run_until_complete finished with '0'
[11.112s] DEBUG:colcon.colcon_core.event_reactor:joining thread
[11.120s] INFO:colcon.colcon_core.plugin_system:Skipping extension 'colcon_notification.desktop_notification.terminal_notifier': Not used on non-Darwin systems
[11.120s] INFO:colcon.colcon_core.plugin_system:Skipping extension 'colcon_notification.desktop_notification.win32': Not used on non-Windows systems
[11.120s] INFO:colcon.colcon_notification.desktop_notification:Sending desktop notification using 'notify2'
[11.133s] DEBUG:colcon.colcon_core.event_reactor:joined thread
[11.133s] INFO:colcon.colcon_core.shell:Creating prefix script '/home/rumbahuh/asr_ws/src/proyecto-final-arqui-rumbacorp/install/local_setup.ps1'
[11.134s] INFO:colcon.colcon_core.shell:Creating prefix util module '/home/rumbahuh/asr_ws/src/proyecto-final-arqui-rumbacorp/install/_local_setup_util_ps1.py'
[11.135s] INFO:colcon.colcon_core.shell:Creating prefix chain script '/home/rumbahuh/asr_ws/src/proyecto-final-arqui-rumbacorp/install/setup.ps1'
[11.139s] INFO:colcon.colcon_core.shell:Creating prefix script '/home/rumbahuh/asr_ws/src/proyecto-final-arqui-rumbacorp/install/local_setup.sh'
[11.139s] INFO:colcon.colcon_core.shell:Creating prefix util module '/home/rumbahuh/asr_ws/src/proyecto-final-arqui-rumbacorp/install/_local_setup_util_sh.py'
[11.140s] INFO:colcon.colcon_core.shell:Creating prefix chain script '/home/rumbahuh/asr_ws/src/proyecto-final-arqui-rumbacorp/install/setup.sh'
[11.144s] INFO:colcon.colcon_core.shell:Creating prefix script '/home/rumbahuh/asr_ws/src/proyecto-final-arqui-rumbacorp/install/local_setup.bash'
[11.144s] INFO:colcon.colcon_core.shell:Creating prefix chain script '/home/rumbahuh/asr_ws/src/proyecto-final-arqui-rumbacorp/install/setup.bash'
[11.149s] INFO:colcon.colcon_core.shell:Creating prefix script '/home/rumbahuh/asr_ws/src/proyecto-final-arqui-rumbacorp/install/local_setup.zsh'
[11.149s] INFO:colcon.colcon_core.shell:Creating prefix chain script '/home/rumbahuh/asr_ws/src/proyecto-final-arqui-rumbacorp/install/setup.zsh'
