[0.462s] DEBUG:colcon:Command line arguments: ['/usr/bin/colcon', 'build', '--packages-select', 'pfa_restaurante/']
[0.462s] DEBUG:colcon:Parsed command line arguments: Namespace(log_base=None, log_level=None, verb_name='build', build_base='build', install_base='install', merge_install=False, symlink_install=False, test_result_base=None, continue_on_error=False, executor='parallel', parallel_workers=12, event_handlers=None, ignore_user_meta=False, metas=['./colcon.meta'], base_paths=['.'], packages_ignore=None, packages_ignore_regex=None, paths=None, packages_up_to=None, packages_up_to_regex=None, packages_above=None, packages_above_and_dependencies=None, packages_above_depth=None, packages_select_by_dep=None, packages_skip_by_dep=None, packages_skip_up_to=None, packages_select_build_failed=False, packages_skip_build_finished=False, packages_select_test_failures=False, packages_skip_test_passed=False, packages_select=['pfa_restaurante/'], packages_skip=None, packages_select_regex=None, packages_skip_regex=None, packages_start=None, packages_end=None, allow_overriding=[], cmake_args=None, cmake_target=None, cmake_target_skip_unavailable=False, cmake_clean_cache=False, cmake_clean_first=False, cmake_force_configure=False, ament_cmake_args=None, catkin_cmake_args=None, catkin_skip_building_tests=False, mixin_files=None, mixin=None, verb_parser=<colcon_mixin.mixin.mixin_argument.MixinArgumentDecorator object at 0x7239ce3139e0>, verb_extension=<colcon_core.verb.build.BuildVerb object at 0x7239cf03dbe0>, main=<bound method BuildVerb.main of <colcon_core.verb.build.BuildVerb object at 0x7239cf03dbe0>>, mixin_verb=('build',))
[0.571s] Level 1:colcon.colcon_core.package_discovery:discover_packages(colcon_meta) check parameters
[0.571s] Level 1:colcon.colcon_core.package_discovery:discover_packages(recursive) check parameters
[0.572s] Level 1:colcon.colcon_core.package_discovery:discover_packages(ignore) check parameters
[0.572s] Level 1:colcon.colcon_core.package_discovery:discover_packages(path) check parameters
[0.572s] Level 1:colcon.colcon_core.package_discovery:discover_packages(colcon_meta) discover
[0.572s] Level 1:colcon.colcon_core.package_discovery:discover_packages(recursive) discover
[0.572s] INFO:colcon.colcon_core.package_discovery:Crawling recursively for packages in '/home/rumbahuh/asr_ws/src/proyecto-final-arqui-rumbacorp'
[0.572s] Level 1:colcon.colcon_core.package_identification:_identify(.) by extensions ['ignore', 'ignore_ament_install']
[0.572s] Level 1:colcon.colcon_core.package_identification:_identify(.) by extension 'ignore'
[0.573s] Level 1:colcon.colcon_core.package_identification:_identify(.) by extension 'ignore_ament_install'
[0.573s] Level 1:colcon.colcon_core.package_identification:_identify(.) by extensions ['colcon_pkg']
[0.573s] Level 1:colcon.colcon_core.package_identification:_identify(.) by extension 'colcon_pkg'
[0.573s] Level 1:colcon.colcon_core.package_identification:_identify(.) by extensions ['colcon_meta']
[0.573s] Level 1:colcon.colcon_core.package_identification:_identify(.) by extension 'colcon_meta'
[0.573s] Level 1:colcon.colcon_core.package_identification:_identify(.) by extensions ['ros']
[0.573s] Level 1:colcon.colcon_core.package_identification:_identify(.) by extension 'ros'
[0.630s] Level 1:colcon.colcon_core.package_identification:_identify(.) by extensions ['cmake', 'python']
[0.630s] Level 1:colcon.colcon_core.package_identification:_identify(.) by extension 'cmake'
[0.630s] Level 1:colcon.colcon_core.package_identification:_identify(.) by extension 'python'
[0.630s] Level 1:colcon.colcon_core.package_identification:_identify(.) by extensions ['python_setup_py']
[0.630s] Level 1:colcon.colcon_core.package_identification:_identify(.) by extension 'python_setup_py'
[0.631s] Level 1:colcon.colcon_core.package_identification:_identify(APUNTES-TRY) by extensions ['ignore', 'ignore_ament_install']
[0.631s] Level 1:colcon.colcon_core.package_identification:_identify(APUNTES-TRY) by extension 'ignore'
[0.631s] Level 1:colcon.colcon_core.package_identification:_identify(APUNTES-TRY) by extension 'ignore_ament_install'
[0.631s] Level 1:colcon.colcon_core.package_identification:_identify(APUNTES-TRY) by extensions ['colcon_pkg']
[0.631s] Level 1:colcon.colcon_core.package_identification:_identify(APUNTES-TRY) by extension 'colcon_pkg'
[0.631s] Level 1:colcon.colcon_core.package_identification:_identify(APUNTES-TRY) by extensions ['colcon_meta']
[0.631s] Level 1:colcon.colcon_core.package_identification:_identify(APUNTES-TRY) by extension 'colcon_meta'
[0.631s] Level 1:colcon.colcon_core.package_identification:_identify(APUNTES-TRY) by extensions ['ros']
[0.632s] Level 1:colcon.colcon_core.package_identification:_identify(APUNTES-TRY) by extension 'ros'
[0.632s] Level 1:colcon.colcon_core.package_identification:_identify(APUNTES-TRY) by extensions ['cmake', 'python']
[0.632s] Level 1:colcon.colcon_core.package_identification:_identify(APUNTES-TRY) by extension 'cmake'
[0.632s] Level 1:colcon.colcon_core.package_identification:_identify(APUNTES-TRY) by extension 'python'
[0.632s] Level 1:colcon.colcon_core.package_identification:_identify(APUNTES-TRY) by extensions ['python_setup_py']
[0.632s] Level 1:colcon.colcon_core.package_identification:_identify(APUNTES-TRY) by extension 'python_setup_py'
[0.632s] Level 1:colcon.colcon_core.package_identification:_identify(APUNTES-TRY/programa6) by extensions ['ignore', 'ignore_ament_install']
[0.632s] Level 1:colcon.colcon_core.package_identification:_identify(APUNTES-TRY/programa6) by extension 'ignore'
[0.633s] Level 1:colcon.colcon_core.package_identification:_identify(APUNTES-TRY/programa6) by extension 'ignore_ament_install'
[0.633s] Level 1:colcon.colcon_core.package_identification:_identify(APUNTES-TRY/programa6) by extensions ['colcon_pkg']
[0.633s] Level 1:colcon.colcon_core.package_identification:_identify(APUNTES-TRY/programa6) by extension 'colcon_pkg'
[0.633s] Level 1:colcon.colcon_core.package_identification:_identify(APUNTES-TRY/programa6) by extensions ['colcon_meta']
[0.633s] Level 1:colcon.colcon_core.package_identification:_identify(APUNTES-TRY/programa6) by extension 'colcon_meta'
[0.633s] Level 1:colcon.colcon_core.package_identification:_identify(APUNTES-TRY/programa6) by extensions ['ros']
[0.633s] Level 1:colcon.colcon_core.package_identification:_identify(APUNTES-TRY/programa6) by extension 'ros'
[0.641s] DEBUG:colcon.colcon_core.package_identification:Package 'APUNTES-TRY/programa6' with type 'ros.ament_cmake' and name 'programa6'
[0.641s] Level 1:colcon.colcon_core.package_identification:_identify(build) by extensions ['ignore', 'ignore_ament_install']
[0.641s] Level 1:colcon.colcon_core.package_identification:_identify(build) by extension 'ignore'
[0.641s] Level 1:colcon.colcon_core.package_identification:_identify(build) ignored
[0.641s] Level 1:colcon.colcon_core.package_identification:_identify(install) by extensions ['ignore', 'ignore_ament_install']
[0.642s] Level 1:colcon.colcon_core.package_identification:_identify(install) by extension 'ignore'
[0.642s] Level 1:colcon.colcon_core.package_identification:_identify(install) ignored
[0.642s] Level 1:colcon.colcon_core.package_identification:_identify(log) by extensions ['ignore', 'ignore_ament_install']
[0.642s] Level 1:colcon.colcon_core.package_identification:_identify(log) by extension 'ignore'
[0.642s] Level 1:colcon.colcon_core.package_identification:_identify(log) ignored
[0.642s] Level 1:colcon.colcon_core.package_identification:_identify(pfa_restaurante) by extensions ['ignore', 'ignore_ament_install']
[0.643s] Level 1:colcon.colcon_core.package_identification:_identify(pfa_restaurante) by extension 'ignore'
[0.643s] Level 1:colcon.colcon_core.package_identification:_identify(pfa_restaurante) by extension 'ignore_ament_install'
[0.643s] Level 1:colcon.colcon_core.package_identification:_identify(pfa_restaurante) by extensions ['colcon_pkg']
[0.643s] Level 1:colcon.colcon_core.package_identification:_identify(pfa_restaurante) by extension 'colcon_pkg'
[0.643s] Level 1:colcon.colcon_core.package_identification:_identify(pfa_restaurante) by extensions ['colcon_meta']
[0.643s] Level 1:colcon.colcon_core.package_identification:_identify(pfa_restaurante) by extension 'colcon_meta'
[0.643s] Level 1:colcon.colcon_core.package_identification:_identify(pfa_restaurante) by extensions ['ros']
[0.643s] Level 1:colcon.colcon_core.package_identification:_identify(pfa_restaurante) by extension 'ros'
[0.645s] DEBUG:colcon.colcon_core.package_identification:Package 'pfa_restaurante' with type 'ros.ament_cmake' and name 'pfa_restaurante'
[0.645s] Level 1:colcon.colcon_core.package_discovery:discover_packages(recursive) using defaults
[0.646s] Level 1:colcon.colcon_core.package_discovery:discover_packages(ignore) discover
[0.646s] Level 1:colcon.colcon_core.package_discovery:discover_packages(ignore) using defaults
[0.646s] Level 1:colcon.colcon_core.package_discovery:discover_packages(path) discover
[0.646s] Level 1:colcon.colcon_core.package_discovery:discover_packages(path) using defaults
[0.646s] WARNING:colcon.colcon_core.package_selection:ignoring unknown package 'pfa_restaurante/' in --packages-select
[0.695s] INFO:colcon.colcon_core.package_selection:Skipping not selected package 'pfa_restaurante' in 'pfa_restaurante'
[0.695s] INFO:colcon.colcon_core.package_selection:Skipping not selected package 'programa6' in 'APUNTES-TRY/programa6'
[0.697s] Level 1:colcon.colcon_core.package_discovery:discover_packages(prefix_path) check parameters
[0.697s] Level 1:colcon.colcon_core.package_discovery:discover_packages(prefix_path) discover
[0.736s] DEBUG:colcon.colcon_installed_package_information.package_discovery:Found 110 installed packages in /home/rumbahuh/asr_ws/install
[0.742s] DEBUG:colcon.colcon_installed_package_information.package_discovery:Found 395 installed packages in /opt/ros/jazzy
[0.745s] Level 1:colcon.colcon_core.package_discovery:discover_packages(prefix_path) using defaults
[0.972s] INFO:colcon.colcon_core.executor:Executing jobs using 'parallel' executor
[0.974s] DEBUG:colcon.colcon_parallel_executor.executor.parallel:run_until_complete
[0.974s] DEBUG:colcon.colcon_parallel_executor.executor.parallel:closing loop
[0.974s] DEBUG:colcon.colcon_parallel_executor.executor.parallel:loop closed
[0.975s] DEBUG:colcon.colcon_parallel_executor.executor.parallel:run_until_complete finished with '0'
[0.975s] DEBUG:colcon.colcon_core.event_reactor:joining thread
[0.998s] INFO:colcon.colcon_core.plugin_system:Skipping extension 'colcon_notification.desktop_notification.terminal_notifier': Not used on non-Darwin systems
[0.998s] INFO:colcon.colcon_core.plugin_system:Skipping extension 'colcon_notification.desktop_notification.win32': Not used on non-Windows systems
[0.999s] INFO:colcon.colcon_notification.desktop_notification:Sending desktop notification using 'notify2'
[1.032s] DEBUG:colcon.colcon_core.event_reactor:joined thread
[1.042s] INFO:colcon.colcon_core.plugin_system:Skipping extension 'colcon_core.shell.bat': Not used on non-Windows systems
[1.043s] INFO:colcon.colcon_core.shell:Creating prefix script '/home/rumbahuh/asr_ws/src/proyecto-final-arqui-rumbacorp/install/local_setup.ps1'
[1.045s] INFO:colcon.colcon_core.shell:Creating prefix util module '/home/rumbahuh/asr_ws/src/proyecto-final-arqui-rumbacorp/install/_local_setup_util_ps1.py'
[1.048s] INFO:colcon.colcon_core.shell:Creating prefix chain script '/home/rumbahuh/asr_ws/src/proyecto-final-arqui-rumbacorp/install/setup.ps1'
[1.061s] INFO:colcon.colcon_core.shell:Creating prefix script '/home/rumbahuh/asr_ws/src/proyecto-final-arqui-rumbacorp/install/local_setup.sh'
[1.062s] INFO:colcon.colcon_core.shell:Creating prefix util module '/home/rumbahuh/asr_ws/src/proyecto-final-arqui-rumbacorp/install/_local_setup_util_sh.py'
[1.065s] INFO:colcon.colcon_core.shell:Creating prefix chain script '/home/rumbahuh/asr_ws/src/proyecto-final-arqui-rumbacorp/install/setup.sh'
[1.077s] INFO:colcon.colcon_core.shell:Creating prefix script '/home/rumbahuh/asr_ws/src/proyecto-final-arqui-rumbacorp/install/local_setup.bash'
[1.078s] INFO:colcon.colcon_core.shell:Creating prefix chain script '/home/rumbahuh/asr_ws/src/proyecto-final-arqui-rumbacorp/install/setup.bash'
[1.090s] INFO:colcon.colcon_core.shell:Creating prefix script '/home/rumbahuh/asr_ws/src/proyecto-final-arqui-rumbacorp/install/local_setup.zsh'
[1.091s] INFO:colcon.colcon_core.shell:Creating prefix chain script '/home/rumbahuh/asr_ws/src/proyecto-final-arqui-rumbacorp/install/setup.zsh'
