[0.471s] DEBUG:colcon:Command line arguments: ['/usr/bin/colcon', 'build', '--symlink-install', '--packages-select', 'p', 'pfa_restaurante']
[0.471s] DEBUG:colcon:Parsed command line arguments: Namespace(log_base=None, log_level=None, verb_name='build', build_base='build', install_base='install', merge_install=False, symlink_install=True, test_result_base=None, continue_on_error=False, executor='parallel', parallel_workers=12, event_handlers=None, ignore_user_meta=False, metas=['./colcon.meta'], base_paths=['.'], packages_ignore=None, packages_ignore_regex=None, paths=None, packages_up_to=None, packages_up_to_regex=None, packages_above=None, packages_above_and_dependencies=None, packages_above_depth=None, packages_select_by_dep=None, packages_skip_by_dep=None, packages_skip_up_to=None, packages_select_build_failed=False, packages_skip_build_finished=False, packages_select_test_failures=False, packages_skip_test_passed=False, packages_select=['p', 'pfa_restaurante'], packages_skip=None, packages_select_regex=None, packages_skip_regex=None, packages_start=None, packages_end=None, allow_overriding=[], cmake_args=None, cmake_target=None, cmake_target_skip_unavailable=False, cmake_clean_cache=False, cmake_clean_first=False, cmake_force_configure=False, ament_cmake_args=None, catkin_cmake_args=None, catkin_skip_building_tests=False, mixin_files=None, mixin=None, verb_parser=<colcon_mixin.mixin.mixin_argument.MixinArgumentDecorator object at 0x7d1edcb18f20>, verb_extension=<colcon_core.verb.build.BuildVerb object at 0x7d1edcc847d0>, main=<bound method BuildVerb.main of <colcon_core.verb.build.BuildVerb object at 0x7d1edcc847d0>>, mixin_verb=('build',))
[0.566s] Level 1:colcon.colcon_core.package_discovery:discover_packages(colcon_meta) check parameters
[0.566s] Level 1:colcon.colcon_core.package_discovery:discover_packages(recursive) check parameters
[0.566s] Level 1:colcon.colcon_core.package_discovery:discover_packages(ignore) check parameters
[0.566s] Level 1:colcon.colcon_core.package_discovery:discover_packages(path) check parameters
[0.566s] Level 1:colcon.colcon_core.package_discovery:discover_packages(colcon_meta) discover
[0.566s] Level 1:colcon.colcon_core.package_discovery:discover_packages(recursive) discover
[0.566s] INFO:colcon.colcon_core.package_discovery:Crawling recursively for packages in '/home/rumbahuh/asr_ws/src/proyecto-final-arqui-rumbacorp'
[0.567s] Level 1:colcon.colcon_core.package_identification:_identify(.) by extensions ['ignore', 'ignore_ament_install']
[0.567s] Level 1:colcon.colcon_core.package_identification:_identify(.) by extension 'ignore'
[0.567s] Level 1:colcon.colcon_core.package_identification:_identify(.) by extension 'ignore_ament_install'
[0.567s] Level 1:colcon.colcon_core.package_identification:_identify(.) by extensions ['colcon_pkg']
[0.567s] Level 1:colcon.colcon_core.package_identification:_identify(.) by extension 'colcon_pkg'
[0.567s] Level 1:colcon.colcon_core.package_identification:_identify(.) by extensions ['colcon_meta']
[0.567s] Level 1:colcon.colcon_core.package_identification:_identify(.) by extension 'colcon_meta'
[0.567s] Level 1:colcon.colcon_core.package_identification:_identify(.) by extensions ['ros']
[0.567s] Level 1:colcon.colcon_core.package_identification:_identify(.) by extension 'ros'
[0.610s] Level 1:colcon.colcon_core.package_identification:_identify(.) by extensions ['cmake', 'python']
[0.610s] Level 1:colcon.colcon_core.package_identification:_identify(.) by extension 'cmake'
[0.610s] Level 1:colcon.colcon_core.package_identification:_identify(.) by extension 'python'
[0.610s] Level 1:colcon.colcon_core.package_identification:_identify(.) by extensions ['python_setup_py']
[0.610s] Level 1:colcon.colcon_core.package_identification:_identify(.) by extension 'python_setup_py'
[0.611s] Level 1:colcon.colcon_core.package_identification:_identify(APUNTES-TRY) by extensions ['ignore', 'ignore_ament_install']
[0.611s] Level 1:colcon.colcon_core.package_identification:_identify(APUNTES-TRY) by extension 'ignore'
[0.611s] Level 1:colcon.colcon_core.package_identification:_identify(APUNTES-TRY) by extension 'ignore_ament_install'
[0.611s] Level 1:colcon.colcon_core.package_identification:_identify(APUNTES-TRY) by extensions ['colcon_pkg']
[0.611s] Level 1:colcon.colcon_core.package_identification:_identify(APUNTES-TRY) by extension 'colcon_pkg'
[0.611s] Level 1:colcon.colcon_core.package_identification:_identify(APUNTES-TRY) by extensions ['colcon_meta']
[0.611s] Level 1:colcon.colcon_core.package_identification:_identify(APUNTES-TRY) by extension 'colcon_meta'
[0.611s] Level 1:colcon.colcon_core.package_identification:_identify(APUNTES-TRY) by extensions ['ros']
[0.611s] Level 1:colcon.colcon_core.package_identification:_identify(APUNTES-TRY) by extension 'ros'
[0.611s] Level 1:colcon.colcon_core.package_identification:_identify(APUNTES-TRY) by extensions ['cmake', 'python']
[0.611s] Level 1:colcon.colcon_core.package_identification:_identify(APUNTES-TRY) by extension 'cmake'
[0.612s] Level 1:colcon.colcon_core.package_identification:_identify(APUNTES-TRY) by extension 'python'
[0.612s] Level 1:colcon.colcon_core.package_identification:_identify(APUNTES-TRY) by extensions ['python_setup_py']
[0.612s] Level 1:colcon.colcon_core.package_identification:_identify(APUNTES-TRY) by extension 'python_setup_py'
[0.612s] Level 1:colcon.colcon_core.package_identification:_identify(APUNTES-TRY/programa6) by extensions ['ignore', 'ignore_ament_install']
[0.612s] Level 1:colcon.colcon_core.package_identification:_identify(APUNTES-TRY/programa6) by extension 'ignore'
[0.612s] Level 1:colcon.colcon_core.package_identification:_identify(APUNTES-TRY/programa6) by extension 'ignore_ament_install'
[0.612s] Level 1:colcon.colcon_core.package_identification:_identify(APUNTES-TRY/programa6) by extensions ['colcon_pkg']
[0.612s] Level 1:colcon.colcon_core.package_identification:_identify(APUNTES-TRY/programa6) by extension 'colcon_pkg'
[0.612s] Level 1:colcon.colcon_core.package_identification:_identify(APUNTES-TRY/programa6) by extensions ['colcon_meta']
[0.612s] Level 1:colcon.colcon_core.package_identification:_identify(APUNTES-TRY/programa6) by extension 'colcon_meta'
[0.612s] Level 1:colcon.colcon_core.package_identification:_identify(APUNTES-TRY/programa6) by extensions ['ros']
[0.613s] Level 1:colcon.colcon_core.package_identification:_identify(APUNTES-TRY/programa6) by extension 'ros'
[0.618s] DEBUG:colcon.colcon_core.package_identification:Package 'APUNTES-TRY/programa6' with type 'ros.ament_cmake' and name 'programa6'
[0.618s] Level 1:colcon.colcon_core.package_identification:_identify(build) by extensions ['ignore', 'ignore_ament_install']
[0.618s] Level 1:colcon.colcon_core.package_identification:_identify(build) by extension 'ignore'
[0.618s] Level 1:colcon.colcon_core.package_identification:_identify(build) ignored
[0.619s] Level 1:colcon.colcon_core.package_identification:_identify(install) by extensions ['ignore', 'ignore_ament_install']
[0.619s] Level 1:colcon.colcon_core.package_identification:_identify(install) by extension 'ignore'
[0.619s] Level 1:colcon.colcon_core.package_identification:_identify(install) ignored
[0.619s] Level 1:colcon.colcon_core.package_identification:_identify(log) by extensions ['ignore', 'ignore_ament_install']
[0.619s] Level 1:colcon.colcon_core.package_identification:_identify(log) by extension 'ignore'
[0.619s] Level 1:colcon.colcon_core.package_identification:_identify(log) ignored
[0.619s] Level 1:colcon.colcon_core.package_identification:_identify(pfa_restaurante) by extensions ['ignore', 'ignore_ament_install']
[0.619s] Level 1:colcon.colcon_core.package_identification:_identify(pfa_restaurante) by extension 'ignore'
[0.620s] Level 1:colcon.colcon_core.package_identification:_identify(pfa_restaurante) by extension 'ignore_ament_install'
[0.620s] Level 1:colcon.colcon_core.package_identification:_identify(pfa_restaurante) by extensions ['colcon_pkg']
[0.620s] Level 1:colcon.colcon_core.package_identification:_identify(pfa_restaurante) by extension 'colcon_pkg'
[0.620s] Level 1:colcon.colcon_core.package_identification:_identify(pfa_restaurante) by extensions ['colcon_meta']
[0.620s] Level 1:colcon.colcon_core.package_identification:_identify(pfa_restaurante) by extension 'colcon_meta'
[0.620s] Level 1:colcon.colcon_core.package_identification:_identify(pfa_restaurante) by extensions ['ros']
[0.620s] Level 1:colcon.colcon_core.package_identification:_identify(pfa_restaurante) by extension 'ros'
[0.622s] DEBUG:colcon.colcon_core.package_identification:Package 'pfa_restaurante' with type 'ros.ament_cmake' and name 'pfa_restaurante'
[0.622s] Level 1:colcon.colcon_core.package_discovery:discover_packages(recursive) using defaults
[0.622s] Level 1:colcon.colcon_core.package_discovery:discover_packages(ignore) discover
[0.622s] Level 1:colcon.colcon_core.package_discovery:discover_packages(ignore) using defaults
[0.622s] Level 1:colcon.colcon_core.package_discovery:discover_packages(path) discover
[0.622s] Level 1:colcon.colcon_core.package_discovery:discover_packages(path) using defaults
[0.622s] WARNING:colcon.colcon_core.package_selection:ignoring unknown package 'p' in --packages-select
[0.660s] INFO:colcon.colcon_core.package_selection:Skipping not selected package 'programa6' in 'APUNTES-TRY/programa6'
[0.661s] Level 1:colcon.colcon_core.package_discovery:discover_packages(prefix_path) check parameters
[0.661s] Level 1:colcon.colcon_core.package_discovery:discover_packages(prefix_path) discover
[0.679s] DEBUG:colcon.colcon_installed_package_information.package_discovery:Found 111 installed packages in /home/rumbahuh/asr_ws/install
[0.683s] DEBUG:colcon.colcon_installed_package_information.package_discovery:Found 395 installed packages in /opt/ros/jazzy
[0.685s] Level 1:colcon.colcon_core.package_discovery:discover_packages(prefix_path) using defaults
[0.926s] Level 5:colcon.colcon_core.verb:set package 'pfa_restaurante' build argument 'cmake_args' from command line to 'None'
[0.926s] Level 5:colcon.colcon_core.verb:set package 'pfa_restaurante' build argument 'cmake_target' from command line to 'None'
[0.926s] Level 5:colcon.colcon_core.verb:set package 'pfa_restaurante' build argument 'cmake_target_skip_unavailable' from command line to 'False'
[0.926s] Level 5:colcon.colcon_core.verb:set package 'pfa_restaurante' build argument 'cmake_clean_cache' from command line to 'False'
[0.926s] Level 5:colcon.colcon_core.verb:set package 'pfa_restaurante' build argument 'cmake_clean_first' from command line to 'False'
[0.926s] Level 5:colcon.colcon_core.verb:set package 'pfa_restaurante' build argument 'cmake_force_configure' from command line to 'False'
[0.926s] Level 5:colcon.colcon_core.verb:set package 'pfa_restaurante' build argument 'ament_cmake_args' from command line to 'None'
[0.926s] Level 5:colcon.colcon_core.verb:set package 'pfa_restaurante' build argument 'catkin_cmake_args' from command line to 'None'
[0.926s] Level 5:colcon.colcon_core.verb:set package 'pfa_restaurante' build argument 'catkin_skip_building_tests' from command line to 'False'
[0.926s] DEBUG:colcon.colcon_core.verb:Building package 'pfa_restaurante' with the following arguments: {'ament_cmake_args': None, 'build_base': '/home/rumbahuh/asr_ws/src/proyecto-final-arqui-rumbacorp/build/pfa_restaurante', 'catkin_cmake_args': None, 'catkin_skip_building_tests': False, 'cmake_args': None, 'cmake_clean_cache': False, 'cmake_clean_first': False, 'cmake_force_configure': False, 'cmake_target': None, 'cmake_target_skip_unavailable': False, 'install_base': '/home/rumbahuh/asr_ws/src/proyecto-final-arqui-rumbacorp/install/pfa_restaurante', 'merge_install': False, 'path': '/home/rumbahuh/asr_ws/src/proyecto-final-arqui-rumbacorp/pfa_restaurante', 'symlink_install': True, 'test_result_base': None}
[0.926s] INFO:colcon.colcon_core.executor:Executing jobs using 'parallel' executor
[0.928s] DEBUG:colcon.colcon_parallel_executor.executor.parallel:run_until_complete
[0.928s] INFO:colcon.colcon_ros.task.ament_cmake.build:Building ROS package in '/home/rumbahuh/asr_ws/src/proyecto-final-arqui-rumbacorp/pfa_restaurante' with build type 'ament_cmake'
[0.929s] INFO:colcon.colcon_cmake.task.cmake.build:Building CMake package in '/home/rumbahuh/asr_ws/src/proyecto-final-arqui-rumbacorp/pfa_restaurante'
[0.937s] INFO:colcon.colcon_core.plugin_system:Skipping extension 'colcon_core.shell.bat': Not used on non-Windows systems
[0.937s] INFO:colcon.colcon_core.shell:Skip shell extension 'powershell' for command environment: Not usable outside of PowerShell
[0.938s] DEBUG:colcon.colcon_core.shell:Skip shell extension 'dsv' for command environment
[0.966s] DEBUG:colcon.colcon_core.event_handler.log_command:Invoking command in '/home/rumbahuh/asr_ws/src/proyecto-final-arqui-rumbacorp/build/pfa_restaurante': CMAKE_PREFIX_PATH=${CMAKE_PREFIX_PATH}:/home/rumbahuh/asr_ws/install/yolo_ros:/home/rumbahuh/asr_ws/install/rclpy_cascade_lifecycle:/home/rumbahuh/asr_ws/install/llama_cli:/home/rumbahuh/asr_ws/install/br2_fsm_bumpgo_py:/opt/ros/jazzy DEBUGINFOD_URLS=https://debuginfod.ubuntu.com /usr/bin/cmake /home/rumbahuh/asr_ws/src/proyecto-final-arqui-rumbacorp/pfa_restaurante -DAMENT_CMAKE_SYMLINK_INSTALL=1 -DCMAKE_INSTALL_PREFIX=/home/rumbahuh/asr_ws/src/proyecto-final-arqui-rumbacorp/install/pfa_restaurante
[7.393s] DEBUG:colcon.colcon_core.event_handler.log_command:Invoked command in '/home/rumbahuh/asr_ws/src/proyecto-final-arqui-rumbacorp/build/pfa_restaurante' returned '0': CMAKE_PREFIX_PATH=${CMAKE_PREFIX_PATH}:/home/rumbahuh/asr_ws/install/yolo_ros:/home/rumbahuh/asr_ws/install/rclpy_cascade_lifecycle:/home/rumbahuh/asr_ws/install/llama_cli:/home/rumbahuh/asr_ws/install/br2_fsm_bumpgo_py:/opt/ros/jazzy DEBUGINFOD_URLS=https://debuginfod.ubuntu.com /usr/bin/cmake /home/rumbahuh/asr_ws/src/proyecto-final-arqui-rumbacorp/pfa_restaurante -DAMENT_CMAKE_SYMLINK_INSTALL=1 -DCMAKE_INSTALL_PREFIX=/home/rumbahuh/asr_ws/src/proyecto-final-arqui-rumbacorp/install/pfa_restaurante
[7.395s] DEBUG:colcon.colcon_core.event_handler.log_command:Invoking command in '/home/rumbahuh/asr_ws/src/proyecto-final-arqui-rumbacorp/build/pfa_restaurante': CMAKE_PREFIX_PATH=${CMAKE_PREFIX_PATH}:/home/rumbahuh/asr_ws/install/yolo_ros:/home/rumbahuh/asr_ws/install/rclpy_cascade_lifecycle:/home/rumbahuh/asr_ws/install/llama_cli:/home/rumbahuh/asr_ws/install/br2_fsm_bumpgo_py:/opt/ros/jazzy DEBUGINFOD_URLS=https://debuginfod.ubuntu.com /usr/bin/cmake --build /home/rumbahuh/asr_ws/src/proyecto-final-arqui-rumbacorp/build/pfa_restaurante -- -j12 -l12
[10.064s] DEBUG:colcon.colcon_parallel_executor.executor.parallel:run_until_complete was interrupted
[10.064s] DEBUG:colcon.colcon_parallel_executor.executor.parallel:run_until_complete again
[10.104s] DEBUG:colcon.colcon_core.event_handler.log_command:Invoked command in '/home/rumbahuh/asr_ws/src/proyecto-final-arqui-rumbacorp/build/pfa_restaurante' returned '-2': CMAKE_PREFIX_PATH=${CMAKE_PREFIX_PATH}:/home/rumbahuh/asr_ws/install/yolo_ros:/home/rumbahuh/asr_ws/install/rclpy_cascade_lifecycle:/home/rumbahuh/asr_ws/install/llama_cli:/home/rumbahuh/asr_ws/install/br2_fsm_bumpgo_py:/opt/ros/jazzy DEBUGINFOD_URLS=https://debuginfod.ubuntu.com /usr/bin/cmake --build /home/rumbahuh/asr_ws/src/proyecto-final-arqui-rumbacorp/build/pfa_restaurante -- -j12 -l12
[10.105s] Level 1:colcon.colcon_core.environment:create_environment_scripts_only(pfa_restaurante)
[10.121s] Level 1:colcon.colcon_core.environment:checking '/home/rumbahuh/asr_ws/src/proyecto-final-arqui-rumbacorp/install/pfa_restaurante' for CMake module files
[10.122s] Level 1:colcon.colcon_core.environment:checking '/home/rumbahuh/asr_ws/src/proyecto-final-arqui-rumbacorp/install/pfa_restaurante' for CMake config files
[10.122s] Level 1:colcon.colcon_core.environment:checking '/home/rumbahuh/asr_ws/src/proyecto-final-arqui-rumbacorp/install/pfa_restaurante/bin'
[10.122s] Level 1:colcon.colcon_core.environment:checking '/home/rumbahuh/asr_ws/src/proyecto-final-arqui-rumbacorp/install/pfa_restaurante/lib/pkgconfig/pfa_restaurante.pc'
[10.123s] Level 1:colcon.colcon_core.environment:checking '/home/rumbahuh/asr_ws/src/proyecto-final-arqui-rumbacorp/install/pfa_restaurante/lib/python3.12/site-packages'
[10.123s] Level 1:colcon.colcon_core.environment:checking '/home/rumbahuh/asr_ws/src/proyecto-final-arqui-rumbacorp/install/pfa_restaurante/bin'
[10.123s] INFO:colcon.colcon_core.shell:Creating package script '/home/rumbahuh/asr_ws/src/proyecto-final-arqui-rumbacorp/install/pfa_restaurante/share/pfa_restaurante/package.ps1'
[10.125s] INFO:colcon.colcon_core.shell:Creating package descriptor '/home/rumbahuh/asr_ws/src/proyecto-final-arqui-rumbacorp/install/pfa_restaurante/share/pfa_restaurante/package.dsv'
[10.125s] INFO:colcon.colcon_core.shell:Creating package script '/home/rumbahuh/asr_ws/src/proyecto-final-arqui-rumbacorp/install/pfa_restaurante/share/pfa_restaurante/package.sh'
[10.126s] INFO:colcon.colcon_core.shell:Creating package script '/home/rumbahuh/asr_ws/src/proyecto-final-arqui-rumbacorp/install/pfa_restaurante/share/pfa_restaurante/package.bash'
[10.128s] INFO:colcon.colcon_core.shell:Creating package script '/home/rumbahuh/asr_ws/src/proyecto-final-arqui-rumbacorp/install/pfa_restaurante/share/pfa_restaurante/package.zsh'
[10.129s] Level 1:colcon.colcon_core.environment:create_file_with_runtime_dependencies(/home/rumbahuh/asr_ws/src/proyecto-final-arqui-rumbacorp/install/pfa_restaurante/share/colcon-core/packages/pfa_restaurante)
[10.139s] DEBUG:colcon.colcon_parallel_executor.executor.parallel:run_until_complete finished
[10.139s] DEBUG:colcon.colcon_parallel_executor.executor.parallel:closing loop
[10.140s] DEBUG:colcon.colcon_parallel_executor.executor.parallel:loop closed
[10.140s] DEBUG:colcon.colcon_core.event_reactor:joining thread
[10.158s] INFO:colcon.colcon_core.plugin_system:Skipping extension 'colcon_notification.desktop_notification.terminal_notifier': Not used on non-Darwin systems
[10.158s] INFO:colcon.colcon_core.plugin_system:Skipping extension 'colcon_notification.desktop_notification.win32': Not used on non-Windows systems
[10.158s] INFO:colcon.colcon_notification.desktop_notification:Sending desktop notification using 'notify2'
[10.191s] DEBUG:colcon.colcon_core.event_reactor:joined thread
[10.192s] INFO:colcon.colcon_core.shell:Creating prefix script '/home/rumbahuh/asr_ws/src/proyecto-final-arqui-rumbacorp/install/local_setup.ps1'
[10.193s] INFO:colcon.colcon_core.shell:Creating prefix util module '/home/rumbahuh/asr_ws/src/proyecto-final-arqui-rumbacorp/install/_local_setup_util_ps1.py'
[10.195s] INFO:colcon.colcon_core.shell:Creating prefix chain script '/home/rumbahuh/asr_ws/src/proyecto-final-arqui-rumbacorp/install/setup.ps1'
[10.205s] INFO:colcon.colcon_core.shell:Creating prefix script '/home/rumbahuh/asr_ws/src/proyecto-final-arqui-rumbacorp/install/local_setup.sh'
[10.206s] INFO:colcon.colcon_core.shell:Creating prefix util module '/home/rumbahuh/asr_ws/src/proyecto-final-arqui-rumbacorp/install/_local_setup_util_sh.py'
[10.207s] INFO:colcon.colcon_core.shell:Creating prefix chain script '/home/rumbahuh/asr_ws/src/proyecto-final-arqui-rumbacorp/install/setup.sh'
[10.216s] INFO:colcon.colcon_core.shell:Creating prefix script '/home/rumbahuh/asr_ws/src/proyecto-final-arqui-rumbacorp/install/local_setup.bash'
[10.217s] INFO:colcon.colcon_core.shell:Creating prefix chain script '/home/rumbahuh/asr_ws/src/proyecto-final-arqui-rumbacorp/install/setup.bash'
[10.225s] INFO:colcon.colcon_core.shell:Creating prefix script '/home/rumbahuh/asr_ws/src/proyecto-final-arqui-rumbacorp/install/local_setup.zsh'
[10.226s] INFO:colcon.colcon_core.shell:Creating prefix chain script '/home/rumbahuh/asr_ws/src/proyecto-final-arqui-rumbacorp/install/setup.zsh'
