[0.293s] DEBUG:colcon:Command line arguments: ['/usr/bin/colcon', 'build', '--symlink-install', '--packages-select', 'pfa_restaurante']
[0.293s] DEBUG:colcon:Parsed command line arguments: Namespace(log_base=None, log_level=None, verb_name='build', build_base='build', install_base='install', merge_install=False, symlink_install=True, test_result_base=None, continue_on_error=False, executor='parallel', parallel_workers=12, event_handlers=None, ignore_user_meta=False, metas=['./colcon.meta'], base_paths=['.'], packages_ignore=None, packages_ignore_regex=None, paths=None, packages_up_to=None, packages_up_to_regex=None, packages_above=None, packages_above_and_dependencies=None, packages_above_depth=None, packages_select_by_dep=None, packages_skip_by_dep=None, packages_skip_up_to=None, packages_select_build_failed=False, packages_skip_build_finished=False, packages_select_test_failures=False, packages_skip_test_passed=False, packages_select=['pfa_restaurante'], packages_skip=None, packages_select_regex=None, packages_skip_regex=None, packages_start=None, packages_end=None, allow_overriding=[], cmake_args=None, cmake_target=None, cmake_target_skip_unavailable=False, cmake_clean_cache=False, cmake_clean_first=False, cmake_force_configure=False, ament_cmake_args=None, catkin_cmake_args=None, catkin_skip_building_tests=False, mixin_files=None, mixin=None, verb_parser=<colcon_mixin.mixin.mixin_argument.MixinArgumentDecorator object at 0x75956963a8d0>, verb_extension=<colcon_core.verb.build.BuildVerb object at 0x75956968a9f0>, main=<bound method BuildVerb.main of <colcon_core.verb.build.BuildVerb object at 0x75956968a9f0>>, mixin_verb=('build',))
[0.365s] Level 1:colcon.colcon_core.package_discovery:discover_packages(colcon_meta) check parameters
[0.365s] Level 1:colcon.colcon_core.package_discovery:discover_packages(recursive) check parameters
[0.366s] Level 1:colcon.colcon_core.package_discovery:discover_packages(ignore) check parameters
[0.366s] Level 1:colcon.colcon_core.package_discovery:discover_packages(path) check parameters
[0.366s] Level 1:colcon.colcon_core.package_discovery:discover_packages(colcon_meta) discover
[0.366s] Level 1:colcon.colcon_core.package_discovery:discover_packages(recursive) discover
[0.366s] INFO:colcon.colcon_core.package_discovery:Crawling recursively for packages in '/home/rumbahuh/asr_ws/src/proyecto-final-arqui-rumbacorp'
[0.366s] Level 1:colcon.colcon_core.package_identification:_identify(.) by extensions ['ignore', 'ignore_ament_install']
[0.366s] Level 1:colcon.colcon_core.package_identification:_identify(.) by extension 'ignore'
[0.366s] Level 1:colcon.colcon_core.package_identification:_identify(.) by extension 'ignore_ament_install'
[0.366s] Level 1:colcon.colcon_core.package_identification:_identify(.) by extensions ['colcon_pkg']
[0.366s] Level 1:colcon.colcon_core.package_identification:_identify(.) by extension 'colcon_pkg'
[0.366s] Level 1:colcon.colcon_core.package_identification:_identify(.) by extensions ['colcon_meta']
[0.367s] Level 1:colcon.colcon_core.package_identification:_identify(.) by extension 'colcon_meta'
[0.367s] Level 1:colcon.colcon_core.package_identification:_identify(.) by extensions ['ros']
[0.367s] Level 1:colcon.colcon_core.package_identification:_identify(.) by extension 'ros'
[0.408s] Level 1:colcon.colcon_core.package_identification:_identify(.) by extensions ['cmake', 'python']
[0.408s] Level 1:colcon.colcon_core.package_identification:_identify(.) by extension 'cmake'
[0.408s] Level 1:colcon.colcon_core.package_identification:_identify(.) by extension 'python'
[0.408s] Level 1:colcon.colcon_core.package_identification:_identify(.) by extensions ['python_setup_py']
[0.408s] Level 1:colcon.colcon_core.package_identification:_identify(.) by extension 'python_setup_py'
[0.408s] Level 1:colcon.colcon_core.package_identification:_identify(APUNTES-TRY) by extensions ['ignore', 'ignore_ament_install']
[0.408s] Level 1:colcon.colcon_core.package_identification:_identify(APUNTES-TRY) by extension 'ignore'
[0.408s] Level 1:colcon.colcon_core.package_identification:_identify(APUNTES-TRY) by extension 'ignore_ament_install'
[0.408s] Level 1:colcon.colcon_core.package_identification:_identify(APUNTES-TRY) by extensions ['colcon_pkg']
[0.409s] Level 1:colcon.colcon_core.package_identification:_identify(APUNTES-TRY) by extension 'colcon_pkg'
[0.409s] Level 1:colcon.colcon_core.package_identification:_identify(APUNTES-TRY) by extensions ['colcon_meta']
[0.409s] Level 1:colcon.colcon_core.package_identification:_identify(APUNTES-TRY) by extension 'colcon_meta'
[0.409s] Level 1:colcon.colcon_core.package_identification:_identify(APUNTES-TRY) by extensions ['ros']
[0.409s] Level 1:colcon.colcon_core.package_identification:_identify(APUNTES-TRY) by extension 'ros'
[0.409s] Level 1:colcon.colcon_core.package_identification:_identify(APUNTES-TRY) by extensions ['cmake', 'python']
[0.409s] Level 1:colcon.colcon_core.package_identification:_identify(APUNTES-TRY) by extension 'cmake'
[0.409s] Level 1:colcon.colcon_core.package_identification:_identify(APUNTES-TRY) by extension 'python'
[0.409s] Level 1:colcon.colcon_core.package_identification:_identify(APUNTES-TRY) by extensions ['python_setup_py']
[0.409s] Level 1:colcon.colcon_core.package_identification:_identify(APUNTES-TRY) by extension 'python_setup_py'
[0.409s] Level 1:colcon.colcon_core.package_identification:_identify(APUNTES-TRY/programa6) by extensions ['ignore', 'ignore_ament_install']
[0.409s] Level 1:colcon.colcon_core.package_identification:_identify(APUNTES-TRY/programa6) by extension 'ignore'
[0.409s] Level 1:colcon.colcon_core.package_identification:_identify(APUNTES-TRY/programa6) by extension 'ignore_ament_install'
[0.410s] Level 1:colcon.colcon_core.package_identification:_identify(APUNTES-TRY/programa6) by extensions ['colcon_pkg']
[0.410s] Level 1:colcon.colcon_core.package_identification:_identify(APUNTES-TRY/programa6) by extension 'colcon_pkg'
[0.410s] Level 1:colcon.colcon_core.package_identification:_identify(APUNTES-TRY/programa6) by extensions ['colcon_meta']
[0.410s] Level 1:colcon.colcon_core.package_identification:_identify(APUNTES-TRY/programa6) by extension 'colcon_meta'
[0.410s] Level 1:colcon.colcon_core.package_identification:_identify(APUNTES-TRY/programa6) by extensions ['ros']
[0.410s] Level 1:colcon.colcon_core.package_identification:_identify(APUNTES-TRY/programa6) by extension 'ros'
[0.415s] DEBUG:colcon.colcon_core.package_identification:Package 'APUNTES-TRY/programa6' with type 'ros.ament_cmake' and name 'programa6'
[0.415s] Level 1:colcon.colcon_core.package_identification:_identify(build) by extensions ['ignore', 'ignore_ament_install']
[0.415s] Level 1:colcon.colcon_core.package_identification:_identify(build) by extension 'ignore'
[0.415s] Level 1:colcon.colcon_core.package_identification:_identify(build) ignored
[0.415s] Level 1:colcon.colcon_core.package_identification:_identify(install) by extensions ['ignore', 'ignore_ament_install']
[0.416s] Level 1:colcon.colcon_core.package_identification:_identify(install) by extension 'ignore'
[0.416s] Level 1:colcon.colcon_core.package_identification:_identify(install) ignored
[0.416s] Level 1:colcon.colcon_core.package_identification:_identify(log) by extensions ['ignore', 'ignore_ament_install']
[0.416s] Level 1:colcon.colcon_core.package_identification:_identify(log) by extension 'ignore'
[0.416s] Level 1:colcon.colcon_core.package_identification:_identify(log) ignored
[0.416s] Level 1:colcon.colcon_core.package_identification:_identify(pfa_restaurante) by extensions ['ignore', 'ignore_ament_install']
[0.416s] Level 1:colcon.colcon_core.package_identification:_identify(pfa_restaurante) by extension 'ignore'
[0.416s] Level 1:colcon.colcon_core.package_identification:_identify(pfa_restaurante) by extension 'ignore_ament_install'
[0.416s] Level 1:colcon.colcon_core.package_identification:_identify(pfa_restaurante) by extensions ['colcon_pkg']
[0.417s] Level 1:colcon.colcon_core.package_identification:_identify(pfa_restaurante) by extension 'colcon_pkg'
[0.417s] Level 1:colcon.colcon_core.package_identification:_identify(pfa_restaurante) by extensions ['colcon_meta']
[0.417s] Level 1:colcon.colcon_core.package_identification:_identify(pfa_restaurante) by extension 'colcon_meta'
[0.417s] Level 1:colcon.colcon_core.package_identification:_identify(pfa_restaurante) by extensions ['ros']
[0.417s] Level 1:colcon.colcon_core.package_identification:_identify(pfa_restaurante) by extension 'ros'
[0.418s] DEBUG:colcon.colcon_core.package_identification:Package 'pfa_restaurante' with type 'ros.ament_cmake' and name 'pfa_restaurante'
[0.418s] Level 1:colcon.colcon_core.package_discovery:discover_packages(recursive) using defaults
[0.419s] Level 1:colcon.colcon_core.package_discovery:discover_packages(ignore) discover
[0.419s] Level 1:colcon.colcon_core.package_discovery:discover_packages(ignore) using defaults
[0.419s] Level 1:colcon.colcon_core.package_discovery:discover_packages(path) discover
[0.419s] Level 1:colcon.colcon_core.package_discovery:discover_packages(path) using defaults
[0.451s] INFO:colcon.colcon_core.package_selection:Skipping not selected package 'programa6' in 'APUNTES-TRY/programa6'
[0.452s] Level 1:colcon.colcon_core.package_discovery:discover_packages(prefix_path) check parameters
[0.452s] Level 1:colcon.colcon_core.package_discovery:discover_packages(prefix_path) discover
[0.468s] DEBUG:colcon.colcon_installed_package_information.package_discovery:Found 111 installed packages in /home/rumbahuh/asr_ws/install
[0.472s] DEBUG:colcon.colcon_installed_package_information.package_discovery:Found 395 installed packages in /opt/ros/jazzy
[0.475s] Level 1:colcon.colcon_core.package_discovery:discover_packages(prefix_path) using defaults
[0.574s] Level 5:colcon.colcon_core.verb:set package 'pfa_restaurante' build argument 'cmake_args' from command line to 'None'
[0.574s] Level 5:colcon.colcon_core.verb:set package 'pfa_restaurante' build argument 'cmake_target' from command line to 'None'
[0.574s] Level 5:colcon.colcon_core.verb:set package 'pfa_restaurante' build argument 'cmake_target_skip_unavailable' from command line to 'False'
[0.574s] Level 5:colcon.colcon_core.verb:set package 'pfa_restaurante' build argument 'cmake_clean_cache' from command line to 'False'
[0.574s] Level 5:colcon.colcon_core.verb:set package 'pfa_restaurante' build argument 'cmake_clean_first' from command line to 'False'
[0.574s] Level 5:colcon.colcon_core.verb:set package 'pfa_restaurante' build argument 'cmake_force_configure' from command line to 'False'
[0.574s] Level 5:colcon.colcon_core.verb:set package 'pfa_restaurante' build argument 'ament_cmake_args' from command line to 'None'
[0.574s] Level 5:colcon.colcon_core.verb:set package 'pfa_restaurante' build argument 'catkin_cmake_args' from command line to 'None'
[0.574s] Level 5:colcon.colcon_core.verb:set package 'pfa_restaurante' build argument 'catkin_skip_building_tests' from command line to 'False'
[0.575s] DEBUG:colcon.colcon_core.verb:Building package 'pfa_restaurante' with the following arguments: {'ament_cmake_args': None, 'build_base': '/home/rumbahuh/asr_ws/src/proyecto-final-arqui-rumbacorp/build/pfa_restaurante', 'catkin_cmake_args': None, 'catkin_skip_building_tests': False, 'cmake_args': None, 'cmake_clean_cache': False, 'cmake_clean_first': False, 'cmake_force_configure': False, 'cmake_target': None, 'cmake_target_skip_unavailable': False, 'install_base': '/home/rumbahuh/asr_ws/src/proyecto-final-arqui-rumbacorp/install/pfa_restaurante', 'merge_install': False, 'path': '/home/rumbahuh/asr_ws/src/proyecto-final-arqui-rumbacorp/pfa_restaurante', 'symlink_install': True, 'test_result_base': None}
[0.575s] INFO:colcon.colcon_core.executor:Executing jobs using 'parallel' executor
[0.576s] DEBUG:colcon.colcon_parallel_executor.executor.parallel:run_until_complete
[0.577s] INFO:colcon.colcon_ros.task.ament_cmake.build:Building ROS package in '/home/rumbahuh/asr_ws/src/proyecto-final-arqui-rumbacorp/pfa_restaurante' with build type 'ament_cmake'
[0.577s] INFO:colcon.colcon_cmake.task.cmake.build:Building CMake package in '/home/rumbahuh/asr_ws/src/proyecto-final-arqui-rumbacorp/pfa_restaurante'
[0.583s] INFO:colcon.colcon_core.plugin_system:Skipping extension 'colcon_core.shell.bat': Not used on non-Windows systems
[0.583s] INFO:colcon.colcon_core.shell:Skip shell extension 'powershell' for command environment: Not usable outside of PowerShell
[0.583s] DEBUG:colcon.colcon_core.shell:Skip shell extension 'dsv' for command environment
[0.617s] DEBUG:colcon.colcon_core.event_handler.log_command:Invoking command in '/home/rumbahuh/asr_ws/src/proyecto-final-arqui-rumbacorp/build/pfa_restaurante': CMAKE_PREFIX_PATH=${CMAKE_PREFIX_PATH}:/home/rumbahuh/asr_ws/install/yolo_ros:/home/rumbahuh/asr_ws/install/rclpy_cascade_lifecycle:/home/rumbahuh/asr_ws/install/llama_cli:/home/rumbahuh/asr_ws/install/br2_fsm_bumpgo_py:/opt/ros/jazzy DEBUGINFOD_URLS=https://debuginfod.ubuntu.com /usr/bin/cmake --build /home/rumbahuh/asr_ws/src/proyecto-final-arqui-rumbacorp/build/pfa_restaurante -- -j12 -l12
[13.106s] DEBUG:colcon.colcon_core.event_handler.log_command:Invoked command in '/home/rumbahuh/asr_ws/src/proyecto-final-arqui-rumbacorp/build/pfa_restaurante' returned '0': CMAKE_PREFIX_PATH=${CMAKE_PREFIX_PATH}:/home/rumbahuh/asr_ws/install/yolo_ros:/home/rumbahuh/asr_ws/install/rclpy_cascade_lifecycle:/home/rumbahuh/asr_ws/install/llama_cli:/home/rumbahuh/asr_ws/install/br2_fsm_bumpgo_py:/opt/ros/jazzy DEBUGINFOD_URLS=https://debuginfod.ubuntu.com /usr/bin/cmake --build /home/rumbahuh/asr_ws/src/proyecto-final-arqui-rumbacorp/build/pfa_restaurante -- -j12 -l12
[13.124s] DEBUG:colcon.colcon_core.event_handler.log_command:Invoking command in '/home/rumbahuh/asr_ws/src/proyecto-final-arqui-rumbacorp/build/pfa_restaurante': CMAKE_PREFIX_PATH=${CMAKE_PREFIX_PATH}:/home/rumbahuh/asr_ws/install/yolo_ros:/home/rumbahuh/asr_ws/install/rclpy_cascade_lifecycle:/home/rumbahuh/asr_ws/install/llama_cli:/home/rumbahuh/asr_ws/install/br2_fsm_bumpgo_py:/opt/ros/jazzy DEBUGINFOD_URLS=https://debuginfod.ubuntu.com /usr/bin/cmake --install /home/rumbahuh/asr_ws/src/proyecto-final-arqui-rumbacorp/build/pfa_restaurante
[13.195s] Level 1:colcon.colcon_core.environment:create_environment_scripts_only(pfa_restaurante)
[13.195s] DEBUG:colcon.colcon_core.event_handler.log_command:Invoked command in '/home/rumbahuh/asr_ws/src/proyecto-final-arqui-rumbacorp/build/pfa_restaurante' returned '0': CMAKE_PREFIX_PATH=${CMAKE_PREFIX_PATH}:/home/rumbahuh/asr_ws/install/yolo_ros:/home/rumbahuh/asr_ws/install/rclpy_cascade_lifecycle:/home/rumbahuh/asr_ws/install/llama_cli:/home/rumbahuh/asr_ws/install/br2_fsm_bumpgo_py:/opt/ros/jazzy DEBUGINFOD_URLS=https://debuginfod.ubuntu.com /usr/bin/cmake --install /home/rumbahuh/asr_ws/src/proyecto-final-arqui-rumbacorp/build/pfa_restaurante
[13.199s] Level 1:colcon.colcon_core.environment:checking '/home/rumbahuh/asr_ws/src/proyecto-final-arqui-rumbacorp/install/pfa_restaurante' for CMake module files
[13.200s] Level 1:colcon.colcon_core.environment:checking '/home/rumbahuh/asr_ws/src/proyecto-final-arqui-rumbacorp/install/pfa_restaurante' for CMake config files
[13.200s] Level 1:colcon.colcon_core.shell:create_environment_hook('pfa_restaurante', 'cmake_prefix_path')
[13.200s] INFO:colcon.colcon_core.shell:Creating environment hook '/home/rumbahuh/asr_ws/src/proyecto-final-arqui-rumbacorp/install/pfa_restaurante/share/pfa_restaurante/hook/cmake_prefix_path.ps1'
[13.201s] INFO:colcon.colcon_core.shell:Creating environment descriptor '/home/rumbahuh/asr_ws/src/proyecto-final-arqui-rumbacorp/install/pfa_restaurante/share/pfa_restaurante/hook/cmake_prefix_path.dsv'
[13.201s] INFO:colcon.colcon_core.shell:Creating environment hook '/home/rumbahuh/asr_ws/src/proyecto-final-arqui-rumbacorp/install/pfa_restaurante/share/pfa_restaurante/hook/cmake_prefix_path.sh'
[13.202s] Level 1:colcon.colcon_core.environment:checking '/home/rumbahuh/asr_ws/src/proyecto-final-arqui-rumbacorp/install/pfa_restaurante/lib'
[13.202s] Level 1:colcon.colcon_core.shell:create_environment_hook('pfa_restaurante', 'ld_library_path_lib')
[13.202s] INFO:colcon.colcon_core.shell:Creating environment hook '/home/rumbahuh/asr_ws/src/proyecto-final-arqui-rumbacorp/install/pfa_restaurante/share/pfa_restaurante/hook/ld_library_path_lib.ps1'
[13.202s] INFO:colcon.colcon_core.shell:Creating environment descriptor '/home/rumbahuh/asr_ws/src/proyecto-final-arqui-rumbacorp/install/pfa_restaurante/share/pfa_restaurante/hook/ld_library_path_lib.dsv'
[13.203s] INFO:colcon.colcon_core.shell:Creating environment hook '/home/rumbahuh/asr_ws/src/proyecto-final-arqui-rumbacorp/install/pfa_restaurante/share/pfa_restaurante/hook/ld_library_path_lib.sh'
[13.203s] Level 1:colcon.colcon_core.environment:checking '/home/rumbahuh/asr_ws/src/proyecto-final-arqui-rumbacorp/install/pfa_restaurante/bin'
[13.203s] Level 1:colcon.colcon_core.environment:checking '/home/rumbahuh/asr_ws/src/proyecto-final-arqui-rumbacorp/install/pfa_restaurante/lib/pkgconfig/pfa_restaurante.pc'
[13.203s] Level 1:colcon.colcon_core.environment:checking '/home/rumbahuh/asr_ws/src/proyecto-final-arqui-rumbacorp/install/pfa_restaurante/lib/python3.12/site-packages'
[13.203s] Level 1:colcon.colcon_core.environment:checking '/home/rumbahuh/asr_ws/src/proyecto-final-arqui-rumbacorp/install/pfa_restaurante/bin'
[13.203s] INFO:colcon.colcon_core.shell:Creating package script '/home/rumbahuh/asr_ws/src/proyecto-final-arqui-rumbacorp/install/pfa_restaurante/share/pfa_restaurante/package.ps1'
[13.204s] INFO:colcon.colcon_core.shell:Creating package descriptor '/home/rumbahuh/asr_ws/src/proyecto-final-arqui-rumbacorp/install/pfa_restaurante/share/pfa_restaurante/package.dsv'
[13.205s] INFO:colcon.colcon_core.shell:Creating package script '/home/rumbahuh/asr_ws/src/proyecto-final-arqui-rumbacorp/install/pfa_restaurante/share/pfa_restaurante/package.sh'
[13.205s] INFO:colcon.colcon_core.shell:Creating package script '/home/rumbahuh/asr_ws/src/proyecto-final-arqui-rumbacorp/install/pfa_restaurante/share/pfa_restaurante/package.bash'
[13.206s] INFO:colcon.colcon_core.shell:Creating package script '/home/rumbahuh/asr_ws/src/proyecto-final-arqui-rumbacorp/install/pfa_restaurante/share/pfa_restaurante/package.zsh'
[13.206s] Level 1:colcon.colcon_core.environment:create_file_with_runtime_dependencies(/home/rumbahuh/asr_ws/src/proyecto-final-arqui-rumbacorp/install/pfa_restaurante/share/colcon-core/packages/pfa_restaurante)
[13.207s] Level 1:colcon.colcon_core.environment:create_environment_scripts_only(pfa_restaurante)
[13.207s] Level 1:colcon.colcon_core.environment:checking '/home/rumbahuh/asr_ws/src/proyecto-final-arqui-rumbacorp/install/pfa_restaurante' for CMake module files
[13.207s] Level 1:colcon.colcon_core.environment:checking '/home/rumbahuh/asr_ws/src/proyecto-final-arqui-rumbacorp/install/pfa_restaurante' for CMake config files
[13.208s] Level 1:colcon.colcon_core.shell:create_environment_hook('pfa_restaurante', 'cmake_prefix_path')
[13.208s] INFO:colcon.colcon_core.shell:Creating environment hook '/home/rumbahuh/asr_ws/src/proyecto-final-arqui-rumbacorp/install/pfa_restaurante/share/pfa_restaurante/hook/cmake_prefix_path.ps1'
[13.208s] INFO:colcon.colcon_core.shell:Creating environment descriptor '/home/rumbahuh/asr_ws/src/proyecto-final-arqui-rumbacorp/install/pfa_restaurante/share/pfa_restaurante/hook/cmake_prefix_path.dsv'
[13.208s] INFO:colcon.colcon_core.shell:Creating environment hook '/home/rumbahuh/asr_ws/src/proyecto-final-arqui-rumbacorp/install/pfa_restaurante/share/pfa_restaurante/hook/cmake_prefix_path.sh'
[13.209s] Level 1:colcon.colcon_core.environment:checking '/home/rumbahuh/asr_ws/src/proyecto-final-arqui-rumbacorp/install/pfa_restaurante/lib'
[13.209s] Level 1:colcon.colcon_core.shell:create_environment_hook('pfa_restaurante', 'ld_library_path_lib')
[13.209s] INFO:colcon.colcon_core.shell:Creating environment hook '/home/rumbahuh/asr_ws/src/proyecto-final-arqui-rumbacorp/install/pfa_restaurante/share/pfa_restaurante/hook/ld_library_path_lib.ps1'
[13.209s] INFO:colcon.colcon_core.shell:Creating environment descriptor '/home/rumbahuh/asr_ws/src/proyecto-final-arqui-rumbacorp/install/pfa_restaurante/share/pfa_restaurante/hook/ld_library_path_lib.dsv'
[13.209s] INFO:colcon.colcon_core.shell:Creating environment hook '/home/rumbahuh/asr_ws/src/proyecto-final-arqui-rumbacorp/install/pfa_restaurante/share/pfa_restaurante/hook/ld_library_path_lib.sh'
[13.210s] Level 1:colcon.colcon_core.environment:checking '/home/rumbahuh/asr_ws/src/proyecto-final-arqui-rumbacorp/install/pfa_restaurante/bin'
[13.210s] Level 1:colcon.colcon_core.environment:checking '/home/rumbahuh/asr_ws/src/proyecto-final-arqui-rumbacorp/install/pfa_restaurante/lib/pkgconfig/pfa_restaurante.pc'
[13.210s] Level 1:colcon.colcon_core.environment:checking '/home/rumbahuh/asr_ws/src/proyecto-final-arqui-rumbacorp/install/pfa_restaurante/lib/python3.12/site-packages'
[13.210s] Level 1:colcon.colcon_core.environment:checking '/home/rumbahuh/asr_ws/src/proyecto-final-arqui-rumbacorp/install/pfa_restaurante/bin'
[13.210s] INFO:colcon.colcon_core.shell:Creating package script '/home/rumbahuh/asr_ws/src/proyecto-final-arqui-rumbacorp/install/pfa_restaurante/share/pfa_restaurante/package.ps1'
[13.211s] INFO:colcon.colcon_core.shell:Creating package descriptor '/home/rumbahuh/asr_ws/src/proyecto-final-arqui-rumbacorp/install/pfa_restaurante/share/pfa_restaurante/package.dsv'
[13.211s] INFO:colcon.colcon_core.shell:Creating package script '/home/rumbahuh/asr_ws/src/proyecto-final-arqui-rumbacorp/install/pfa_restaurante/share/pfa_restaurante/package.sh'
[13.212s] INFO:colcon.colcon_core.shell:Creating package script '/home/rumbahuh/asr_ws/src/proyecto-final-arqui-rumbacorp/install/pfa_restaurante/share/pfa_restaurante/package.bash'
[13.212s] INFO:colcon.colcon_core.shell:Creating package script '/home/rumbahuh/asr_ws/src/proyecto-final-arqui-rumbacorp/install/pfa_restaurante/share/pfa_restaurante/package.zsh'
[13.212s] Level 1:colcon.colcon_core.environment:create_file_with_runtime_dependencies(/home/rumbahuh/asr_ws/src/proyecto-final-arqui-rumbacorp/install/pfa_restaurante/share/colcon-core/packages/pfa_restaurante)
[13.213s] DEBUG:colcon.colcon_parallel_executor.executor.parallel:closing loop
[13.213s] DEBUG:colcon.colcon_parallel_executor.executor.parallel:loop closed
[13.213s] DEBUG:colcon.colcon_parallel_executor.executor.parallel:run_until_complete finished with '0'
[13.213s] DEBUG:colcon.colcon_core.event_reactor:joining thread
[13.221s] INFO:colcon.colcon_core.plugin_system:Skipping extension 'colcon_notification.desktop_notification.terminal_notifier': Not used on non-Darwin systems
[13.221s] INFO:colcon.colcon_core.plugin_system:Skipping extension 'colcon_notification.desktop_notification.win32': Not used on non-Windows systems
[13.221s] INFO:colcon.colcon_notification.desktop_notification:Sending desktop notification using 'notify2'
[13.232s] DEBUG:colcon.colcon_core.event_reactor:joined thread
[13.232s] INFO:colcon.colcon_core.shell:Creating prefix script '/home/rumbahuh/asr_ws/src/proyecto-final-arqui-rumbacorp/install/local_setup.ps1'
[13.233s] INFO:colcon.colcon_core.shell:Creating prefix util module '/home/rumbahuh/asr_ws/src/proyecto-final-arqui-rumbacorp/install/_local_setup_util_ps1.py'
[13.234s] INFO:colcon.colcon_core.shell:Creating prefix chain script '/home/rumbahuh/asr_ws/src/proyecto-final-arqui-rumbacorp/install/setup.ps1'
[13.239s] INFO:colcon.colcon_core.shell:Creating prefix script '/home/rumbahuh/asr_ws/src/proyecto-final-arqui-rumbacorp/install/local_setup.sh'
[13.239s] INFO:colcon.colcon_core.shell:Creating prefix util module '/home/rumbahuh/asr_ws/src/proyecto-final-arqui-rumbacorp/install/_local_setup_util_sh.py'
[13.240s] INFO:colcon.colcon_core.shell:Creating prefix chain script '/home/rumbahuh/asr_ws/src/proyecto-final-arqui-rumbacorp/install/setup.sh'
[13.245s] INFO:colcon.colcon_core.shell:Creating prefix script '/home/rumbahuh/asr_ws/src/proyecto-final-arqui-rumbacorp/install/local_setup.bash'
[13.245s] INFO:colcon.colcon_core.shell:Creating prefix chain script '/home/rumbahuh/asr_ws/src/proyecto-final-arqui-rumbacorp/install/setup.bash'
[13.249s] INFO:colcon.colcon_core.shell:Creating prefix script '/home/rumbahuh/asr_ws/src/proyecto-final-arqui-rumbacorp/install/local_setup.zsh'
[13.250s] INFO:colcon.colcon_core.shell:Creating prefix chain script '/home/rumbahuh/asr_ws/src/proyecto-final-arqui-rumbacorp/install/setup.zsh'
