[0.040s] Invoking command in '/home/rumbahuh/asr_ws/src/proyecto-final-arqui-rumbacorp/build/pfa_restaurante': CMAKE_PREFIX_PATH=${CMAKE_PREFIX_PATH}:/home/rumbahuh/asr_ws/install/yolo_ros:/home/rumbahuh/asr_ws/install/rclpy_cascade_lifecycle:/home/rumbahuh/asr_ws/install/llama_cli:/home/rumbahuh/asr_ws/install/br2_fsm_bumpgo_py:/opt/ros/jazzy DEBUGINFOD_URLS=https://debuginfod.ubuntu.com /usr/bin/cmake --build /home/rumbahuh/asr_ws/src/proyecto-final-arqui-rumbacorp/build/pfa_restaurante -- -j12 -l12
[0.120s] -- Found ament_cmake: 2.5.4 (/opt/ros/jazzy/share/ament_cmake/cmake)
[0.553s] -- Override CMake install command with custom implementation using symlinks instead of copying resources
[0.565s] -- Found rclcpp: 28.1.9 (/opt/ros/jazzy/share/rclcpp/cmake)
[0.622s] -- Found rosidl_generator_c: 4.6.5 (/opt/ros/jazzy/share/rosidl_generator_c/cmake)
[0.636s] -- Found rosidl_generator_cpp: 4.6.5 (/opt/ros/jazzy/share/rosidl_generator_cpp/cmake)
[0.663s] -- Using all available rosidl_typesupport_c: rosidl_typesupport_fastrtps_c;rosidl_typesupport_introspection_c
[0.693s] -- Using all available rosidl_typesupport_cpp: rosidl_typesupport_fastrtps_cpp;rosidl_typesupport_introspection_cpp
[0.805s] -- Found rmw_implementation_cmake: 7.3.2 (/opt/ros/jazzy/share/rmw_implementation_cmake/cmake)
[0.815s] -- Found rmw_fastrtps_cpp: 8.4.2 (/opt/ros/jazzy/share/rmw_fastrtps_cpp/cmake)
[0.954s] -- Using RMW implementation 'rmw_fastrtps_cpp' as default
[1.071s] -- Found rclcpp_cascade_lifecycle: 2.0.2 (/home/rumbahuh/asr_ws/install/rclcpp_cascade_lifecycle/share/rclcpp_cascade_lifecycle/cmake)
[1.163s] -- Found geometry_msgs: 5.3.6 (/opt/ros/jazzy/share/geometry_msgs/cmake)
[1.215s] -- Found tf2_ros: 0.36.10 (/opt/ros/jazzy/share/tf2_ros/cmake)
[1.406s] -- Found tf2_geometry_msgs: 0.36.10 (/opt/ros/jazzy/share/tf2_geometry_msgs/cmake)
[1.412s] -- Found eigen3_cmake_module: 0.3.0 (/opt/ros/jazzy/share/eigen3_cmake_module/cmake)
[1.414s] -- Ensuring Eigen3 include directory is part of orocos-kdl CMake target
[1.417s] -- Found vision_msgs: 4.1.1 (/opt/ros/jazzy/share/vision_msgs/cmake)
[1.449s] -- Found nav2_msgs: 1.3.6 (/opt/ros/jazzy/share/nav2_msgs/cmake)
[1.664s] [31mCMake Error at /opt/ros/jazzy/share/ament_cmake_target_dependencies/cmake/ament_target_dependencies.cmake:77 (message):
[1.664s]   ament_target_dependencies() the passed package name 'whisper_msgs' was not
[1.664s]   found before
[1.664s] Call Stack (most recent call first):
[1.665s]   CMakeLists.txt:67 (ament_target_dependencies)
[1.665s] 
[1.665s] [0m
[1.665s] -- Configuring incomplete, errors occurred!
[1.677s] gmake: *** [Makefile:513: cmake_check_build_system] Error 1
[1.681s] Invoked command in '/home/rumbahuh/asr_ws/src/proyecto-final-arqui-rumbacorp/build/pfa_restaurante' returned '2': CMAKE_PREFIX_PATH=${CMAKE_PREFIX_PATH}:/home/rumbahuh/asr_ws/install/yolo_ros:/home/rumbahuh/asr_ws/install/rclpy_cascade_lifecycle:/home/rumbahuh/asr_ws/install/llama_cli:/home/rumbahuh/asr_ws/install/br2_fsm_bumpgo_py:/opt/ros/jazzy DEBUGINFOD_URLS=https://debuginfod.ubuntu.com /usr/bin/cmake --build /home/rumbahuh/asr_ws/src/proyecto-final-arqui-rumbacorp/build/pfa_restaurante -- -j12 -l12
