-- Found ament_cmake: 2.5.4 (/opt/ros/jazzy/share/ament_cmake/cmake)
-- Override CMake install command with custom implementation using symlinks instead of copying resources
-- Found rclcpp: 28.1.9 (/opt/ros/jazzy/share/rclcpp/cmake)
-- Found rosidl_generator_c: 4.6.5 (/opt/ros/jazzy/share/rosidl_generator_c/cmake)
-- Found rosidl_generator_cpp: 4.6.5 (/opt/ros/jazzy/share/rosidl_generator_cpp/cmake)
-- Using all available rosidl_typesupport_c: rosidl_typesupport_fastrtps_c;rosidl_typesupport_introspection_c
-- Using all available rosidl_typesupport_cpp: rosidl_typesupport_fastrtps_cpp;rosidl_typesupport_introspection_cpp
-- Found rmw_implementation_cmake: 7.3.2 (/opt/ros/jazzy/share/rmw_implementation_cmake/cmake)
-- Found rmw_fastrtps_cpp: 8.4.2 (/opt/ros/jazzy/share/rmw_fastrtps_cpp/cmake)
-- Using RMW implementation 'rmw_fastrtps_cpp' as default
-- Found rclcpp_cascade_lifecycle: 2.0.2 (/home/rumbahuh/asr_ws/install/rclcpp_cascade_lifecycle/share/rclcpp_cascade_lifecycle/cmake)
-- Found geometry_msgs: 5.3.6 (/opt/ros/jazzy/share/geometry_msgs/cmake)
-- Found tf2_ros: 0.36.10 (/opt/ros/jazzy/share/tf2_ros/cmake)
-- Found tf2_geometry_msgs: 0.36.10 (/opt/ros/jazzy/share/tf2_geometry_msgs/cmake)
-- Found eigen3_cmake_module: 0.3.0 (/opt/ros/jazzy/share/eigen3_cmake_module/cmake)
-- Ensuring Eigen3 include directory is part of orocos-kdl CMake target
-- Found vision_msgs: 4.1.1 (/opt/ros/jazzy/share/vision_msgs/cmake)
-- Found nav2_msgs: 1.3.6 (/opt/ros/jazzy/share/nav2_msgs/cmake)
-- Found whisper_msgs: 3.2.1 (/home/rumbahuh/asr_ws/install/whisper_msgs/share/whisper_msgs/cmake)
-- Configuring done (2.4s)
-- Generating done (0.1s)
-- Build files have been written to: /home/rumbahuh/asr_ws/src/proyecto-final-arqui-rumbacorp/build/pfa_restaurante
[ 14%] Built target checktable_pfa_node
[ 28%] Built target speak_pfa_node
[ 42%] Built target control_main
[ 57%] Built target countpeople_pfa_node
[ 85%] Built target gotodoor_pfa_node
[ 85%] Built target gototable_pfa_node
[100%] Built target listen_pfa_node
-- Install configuration: ""
-- Execute custom install script
-- Up-to-date symlink: /home/rumbahuh/asr_ws/src/proyecto-final-arqui-rumbacorp/install/pfa_restaurante/lib/libgotodoor_pfa_node.so
-- Up-to-date symlink: /home/rumbahuh/asr_ws/src/proyecto-final-arqui-rumbacorp/install/pfa_restaurante/lib/libcountpeople_pfa_node.so
-- Up-to-date symlink: /home/rumbahuh/asr_ws/src/proyecto-final-arqui-rumbacorp/install/pfa_restaurante/lib/libchecktable_pfa_node.so
-- Up-to-date symlink: /home/rumbahuh/asr_ws/src/proyecto-final-arqui-rumbacorp/install/pfa_restaurante/lib/libgototable_pfa_node.so
-- Up-to-date symlink: /home/rumbahuh/asr_ws/src/proyecto-final-arqui-rumbacorp/install/pfa_restaurante/lib/libspeak_pfa_node.so
-- Up-to-date symlink: /home/rumbahuh/asr_ws/src/proyecto-final-arqui-rumbacorp/install/pfa_restaurante/lib/liblisten_pfa_node.so
-- Up-to-date symlink: /home/rumbahuh/asr_ws/src/proyecto-final-arqui-rumbacorp/install/pfa_restaurante/lib/pfa_restaurante/control_main
-- Up-to-date symlink: /home/rumbahuh/asr_ws/src/proyecto-final-arqui-rumbacorp/install/pfa_restaurante/share/pfa_restaurante/behavior_tree_xml/restaurante.xml
-- Up-to-date symlink: /home/rumbahuh/asr_ws/src/proyecto-final-arqui-rumbacorp/install/pfa_restaurante/share/pfa_restaurante/launch/astra_extion
-- Up-to-date symlink: /home/rumbahuh/asr_ws/src/proyecto-final-arqui-rumbacorp/install/pfa_restaurante/share/pfa_restaurante/launch/follow_person.launch.py
-- Up-to-date symlink: /home/rumbahuh/asr_ws/src/proyecto-final-arqui-rumbacorp/install/pfa_restaurante/share/ament_index/resource_index/package_run_dependencies/pfa_restaurante
-- Up-to-date symlink: /home/rumbahuh/asr_ws/src/proyecto-final-arqui-rumbacorp/install/pfa_restaurante/share/ament_index/resource_index/parent_prefix_path/pfa_restaurante
-- Up-to-date symlink: /home/rumbahuh/asr_ws/src/proyecto-final-arqui-rumbacorp/install/pfa_restaurante/share/pfa_restaurante/environment/ament_prefix_path.sh
-- Up-to-date symlink: /home/rumbahuh/asr_ws/src/proyecto-final-arqui-rumbacorp/install/pfa_restaurante/share/pfa_restaurante/environment/ament_prefix_path.dsv
-- Up-to-date symlink: /home/rumbahuh/asr_ws/src/proyecto-final-arqui-rumbacorp/install/pfa_restaurante/share/pfa_restaurante/environment/path.sh
-- Up-to-date symlink: /home/rumbahuh/asr_ws/src/proyecto-final-arqui-rumbacorp/install/pfa_restaurante/share/pfa_restaurante/environment/path.dsv
-- Up-to-date symlink: /home/rumbahuh/asr_ws/src/proyecto-final-arqui-rumbacorp/install/pfa_restaurante/share/pfa_restaurante/local_setup.bash
-- Up-to-date symlink: /home/rumbahuh/asr_ws/src/proyecto-final-arqui-rumbacorp/install/pfa_restaurante/share/pfa_restaurante/local_setup.sh
-- Up-to-date symlink: /home/rumbahuh/asr_ws/src/proyecto-final-arqui-rumbacorp/install/pfa_restaurante/share/pfa_restaurante/local_setup.zsh
-- Up-to-date symlink: /home/rumbahuh/asr_ws/src/proyecto-final-arqui-rumbacorp/install/pfa_restaurante/share/pfa_restaurante/local_setup.dsv
-- Symlinking: /home/rumbahuh/asr_ws/src/proyecto-final-arqui-rumbacorp/install/pfa_restaurante/share/pfa_restaurante/package.dsv
-- Up-to-date symlink: /home/rumbahuh/asr_ws/src/proyecto-final-arqui-rumbacorp/install/pfa_restaurante/share/ament_index/resource_index/packages/pfa_restaurante
-- Up-to-date symlink: /home/rumbahuh/asr_ws/src/proyecto-final-arqui-rumbacorp/install/pfa_restaurante/share/pfa_restaurante/cmake/ament_cmake_export_include_directories-extras.cmake
-- Up-to-date symlink: /home/rumbahuh/asr_ws/src/proyecto-final-arqui-rumbacorp/install/pfa_restaurante/share/pfa_restaurante/cmake/ament_cmake_export_dependencies-extras.cmake
-- Up-to-date symlink: /home/rumbahuh/asr_ws/src/proyecto-final-arqui-rumbacorp/install/pfa_restaurante/share/pfa_restaurante/cmake/pfa_restauranteConfig.cmake
-- Up-to-date symlink: /home/rumbahuh/asr_ws/src/proyecto-final-arqui-rumbacorp/install/pfa_restaurante/share/pfa_restaurante/cmake/pfa_restauranteConfig-version.cmake
-- Up-to-date symlink: /home/rumbahuh/asr_ws/src/proyecto-final-arqui-rumbacorp/install/pfa_restaurante/share/pfa_restaurante/package.xml
