[0.049s] Invoking command in '/home/rumbahuh/asr_ws/src/proyecto-final-arqui-rumbacorp/build/pfa_restaurante': CMAKE_PREFIX_PATH=${CMAKE_PREFIX_PATH}:/home/rumbahuh/asr_ws/install/yolo_ros:/home/rumbahuh/asr_ws/install/rclpy_cascade_lifecycle:/home/rumbahuh/asr_ws/install/br2_fsm_bumpgo_py:/opt/ros/jazzy DEBUGINFOD_URLS=https://debuginfod.ubuntu.com PS1=\[\e]0;\u@\h: \w\a\]${debian_chroot:+($debian_chroot)}\[\033[01;32m\]\u@\h\[\033[00m\]:\[\033[01;34m\]\w\[\033[00m\]\$ /usr/bin/cmake /home/rumbahuh/asr_ws/src/proyecto-final-arqui-rumbacorp/pfa_restaurante -DCMAKE_INSTALL_PREFIX=/home/rumbahuh/asr_ws/src/proyecto-final-arqui-rumbacorp/install/pfa_restaurante
[0.098s] -- Found ament_cmake: 2.5.4 (/opt/ros/jazzy/share/ament_cmake/cmake)
[0.712s] -- Found rclcpp: 28.1.9 (/opt/ros/jazzy/share/rclcpp/cmake)
[0.798s] -- Found rosidl_generator_c: 4.6.5 (/opt/ros/jazzy/share/rosidl_generator_c/cmake)
[0.822s] -- Found rosidl_generator_cpp: 4.6.5 (/opt/ros/jazzy/share/rosidl_generator_cpp/cmake)
[0.859s] -- Using all available rosidl_typesupport_c: rosidl_typesupport_fastrtps_c;rosidl_typesupport_introspection_c
[0.902s] -- Using all available rosidl_typesupport_cpp: rosidl_typesupport_fastrtps_cpp;rosidl_typesupport_introspection_cpp
[1.074s] -- Found rmw_implementation_cmake: 7.3.2 (/opt/ros/jazzy/share/rmw_implementation_cmake/cmake)
[1.085s] -- Found rmw_fastrtps_cpp: 8.4.2 (/opt/ros/jazzy/share/rmw_fastrtps_cpp/cmake)
[1.291s] -- Using RMW implementation 'rmw_fastrtps_cpp' as default
[1.479s] -- Found geometry_msgs: 5.3.6 (/opt/ros/jazzy/share/geometry_msgs/cmake)
[1.565s] -- Found tf2_ros: 0.36.10 (/opt/ros/jazzy/share/tf2_ros/cmake)
[1.852s] -- Found tf2_geometry_msgs: 0.36.10 (/opt/ros/jazzy/share/tf2_geometry_msgs/cmake)
[1.861s] -- Found eigen3_cmake_module: 0.3.0 (/opt/ros/jazzy/share/eigen3_cmake_module/cmake)
[1.864s] -- Ensuring Eigen3 include directory is part of orocos-kdl CMake target
[1.869s] -- Found vision_msgs: 4.1.1 (/opt/ros/jazzy/share/vision_msgs/cmake)
[2.186s] -- Found ament_lint_auto: 0.17.2 (/opt/ros/jazzy/share/ament_lint_auto/cmake)
[2.655s] -- Added test 'cppcheck' to perform static code analysis on C / C++ code
[2.657s] -- Configured cppcheck include dirs: /home/rumbahuh/asr_ws/src/proyecto-final-arqui-rumbacorp/pfa_restaurante/include
[2.657s] -- Configured cppcheck exclude dirs and/or files: 
[2.663s] -- Added test 'flake8' to check Python code syntax and style conventions
[2.663s] -- Configured 'flake8' exclude dirs and/or files: 
[2.670s] -- Added test 'lint_cmake' to check CMake code style
[2.676s] -- Added test 'pep257' to check Python code against some of the docstring style conventions in PEP 257
[2.685s] -- Added test 'uncrustify' to check C / C++ code style
[2.686s] -- Configured uncrustify additional arguments: 
[2.691s] -- Added test 'xmllint' to check XML markup files
[2.708s] -- Configuring done (2.6s)
[2.718s] [31mCMake Error at CMakeLists.txt:34 (add_library):
[2.718s]   Cannot find source file:
[2.719s] 
[2.719s]     src/controlper/ControlNode.cpp
[2.719s] 
[2.719s]   Tried extensions .c .C .c++ .cc .cpp .cxx .cu .mpp .m .M .mm .ixx .cppm
[2.720s]   .ccm .cxxm .c++m .h .hh .h++ .hm .hpp .hxx .in .txx .f .F .for .f77 .f90
[2.720s]   .f95 .f03 .hip .ispc
[2.720s] 
[2.720s] [0m
[2.723s] [31mCMake Error at CMakeLists.txt:66 (add_executable):
[2.724s]   Cannot find source file:
[2.724s] 
[2.724s]     src/tf_main.cpp
[2.724s] 
[2.725s]   Tried extensions .c .C .c++ .cc .cpp .cxx .cu .mpp .m .M .mm .ixx .cppm
[2.725s]   .ccm .cxxm .c++m .h .hh .h++ .hm .hpp .hxx .in .txx .f .F .for .f77 .f90
[2.725s]   .f95 .f03 .hip .ispc
[2.725s] 
[2.726s] [0m
[2.730s] [31mCMake Error at CMakeLists.txt:34 (add_library):
[2.731s]   No SOURCES given to target: pfa_restaurante
[2.731s] 
[2.731s] [0m
[2.731s] [31mCMake Error at CMakeLists.txt:66 (add_executable):
[2.731s]   No SOURCES given to target: tf_main
[2.732s] 
[2.732s] [0m
[2.732s] [0mCMake Generate step failed.  Build files cannot be regenerated correctly.[0m
[2.749s] Invoked command in '/home/rumbahuh/asr_ws/src/proyecto-final-arqui-rumbacorp/build/pfa_restaurante' returned '1': CMAKE_PREFIX_PATH=${CMAKE_PREFIX_PATH}:/home/rumbahuh/asr_ws/install/yolo_ros:/home/rumbahuh/asr_ws/install/rclpy_cascade_lifecycle:/home/rumbahuh/asr_ws/install/br2_fsm_bumpgo_py:/opt/ros/jazzy DEBUGINFOD_URLS=https://debuginfod.ubuntu.com PS1=\[\e]0;\u@\h: \w\a\]${debian_chroot:+($debian_chroot)}\[\033[01;32m\]\u@\h\[\033[00m\]:\[\033[01;34m\]\w\[\033[00m\]\$ /usr/bin/cmake /home/rumbahuh/asr_ws/src/proyecto-final-arqui-rumbacorp/pfa_restaurante -DCMAKE_INSTALL_PREFIX=/home/rumbahuh/asr_ws/src/proyecto-final-arqui-rumbacorp/install/pfa_restaurante
